   0   0   1   1   1   1   1   1   2   3   4   5   6   7   8   8   9   9
   1   1   2   3   3   3   4   4   5   7   9  10  12  13  15  15  17  18
   2   2   4   6   6   7   9   9  11  14  17  18  21  22  24  25  28  30
   3   4   7   9   9  11  13  13  15  18  21  22  25  26  28  30  33  36
   3   4   7  10  11  13  16  17  19  22  25  26  29  30  33  35  38  42
   3   5   9  12  13  15  19  21  24  28  32  33  36  37  41  43  47  51
   4   7  11  14  15  18  23  26  30  34  38  39  43  44  49  52  57  61
   5   8  12  15  17  20  25  28  33  38  43  45  50  52  58  62  68  73
   6   9  14  17  19  22  27  30  36  41  46  49  54  57  63  68  74  80
   6  10  16  20  22  25  31  34  40  45  50  54  59  63  69  74  81  87
   7  12  18  22  24  27  34  38  44  50  55  60  66  71  77  83  91  97
   8  13  20  25  27  31  39  43  49  56  61  66  72  78  85  91 100 107
   9  15  23  29  31  36  44  48  54  61  66  71  77  84  92  98 108 116
   9  15  23  29  31  37  45  50  56  64  70  75  81  89  97 103 113 122
   9  15  23  29  32  39  48  53  59  67  74  79  85  94 103 110 121 130
   9  16  25  31  34  41  51  57  64  72  80  86  93 103 112 120 131 141
   9  16  26  33  36  43  54  60  68  77  85  92  99 109 119 128 139 150
  10  17  28  35  38  46  58  65  74  83  92 100 108 119 129 139 151 163
  11  18  29  37  40  48  61  68  77  87  96 105 113 125 136 147 160 173
  11  18  29  38  42  50  64  71  80  90 100 109 117 129 141 153 167 180
  12  19  30  40  44  53  68  75  84  94 105 115 123 136 148 160 174 187
  13  21  32  43  47  57  73  80  89  99 110 120 128 142 155 167 182 196
  13  22  34  45  50  60  76  84  93 103 115 126 134 149 163 176 192 206
  14  23  36  48  54  64  81  90 100 111 123 134 142 157 171 184 201 215
  15  24  37  49  56  67  85  94 104 116 129 140 148 163 178 191 209 224
  15  24  37  49  57  68  86  96 107 119 132 143 152 167 182 196 214 229
  15  25  38  51  59  71  90 100 111 124 137 148 158 174 190 204 223 239
  16  26  40  53  61  73  93 103 115 129 143 155 165 181 197 211 230 246
  17  28  43  57  66  78  98 108 120 135 149 162 172 189 205 220 239 255
  18  30  46  60  69  82 103 113 126 141 156 169 180 198 215 230 249 265
  19  31  48  62  72  85 107 117 130 145 161 175 186 204 221 237 256 273
  20  33  51  66  76  89 112 122 136 151 168 183 195 214 232 249 269 286
  20  34  53  68  78  91 114 124 139 155 172 188 201 221 240 258 279 296
  21  35  55  70  80  94 118 129 145 162 180 196 209 229 249 268 289 306
  22  37  58  73  84  98 122 134 150 168 186 202 216 236 257 277 299 317
  22  37  59  75  86 100 124 137 153 172 190 207 222 242 263 283 306 324
  22  38  61  78  89 103 128 141 158 178 196 214 230 250 272 292 315 333
  23  40  63  81  92 107 133 147 165 185 203 222 239 259 282 303 327 346
  24  41  65  83  95 111 138 153 172 192 210 230 247 268 291 312 337 356
  25  42  66  84  97 114 141 157 177 198 216 237 254 276 300 321 346 365
  26  44  69  87 100 117 144 161 182 204 223 244 261 284 308 329 355 374
  27  46  72  90 103 120 148 165 187 210 230 251 269 292 317 338 364 383
6 13 10 17 16
7 11 11 15 16
7 12 11 16 16
8 13 12 17 16
12 13 16 17 16
13 6 17 10 16
13 13 17 17 16
14 10 18 14 16
15 12 19 16 16
16 13 20 17 16
28 9 32 13 16
28 12 32 16 16
29 8 33 12 16
29 12 33 16 16
30 13 34 17 16
31 8 35 12 16
32 8 36 12 16
33 5 37 9 16
35 4 39 8 16
35 7 39 11 16
36 6 40 10 16
4
