G
GU
GUQ
GUQE
GUQES
GUQESK
GUQESKE
GUQESKI
GUQESKIZ
GUQESKZ
GUQESKZI
GUQESE
GUQESEK
GUQESEKI
GUQESEKIZ
GUQESEKZ
GUQESEKZI
GUQEI
GUQEIZ
GUQEIZK
GUQEIZKE
GUQEIZKES
GUQEIZKS
GUQEIZKSE
GUQEIK
GUQEIKE
GUQEIKES
GUQEIKS
GUQEIKSE
GUQEIKZ
GUQEZ
GUQEZK
GUQEZKE
GUQEZKES
GUQEZKS
GUQEZKSE
GUQEZKI
GUQEZI
GUQEZIK
GUQEZIKE
GUQEZIKES
GUQEZIKS
GUQEZIKSE
GUQEK
GUQEKE
GUQEKES
GUQEKS
GUQEKSE
GUQEKI
GUQEKIZ
GUQEKZ
GUQEKZI
GUQEE
GUQEES
GUQEESK
GUQEESKI
GUQEESKIZ
GUQEESKZ
GUQEESKZI
GUQEEK
GUQEEKS
GUQEEKI
GUQEEKIZ
GUQEEKZ
GUQEEKZI
GUQS
GUQSE
GUQSEI
GUQSEIZ
GUQSEIZK
GUQSEIZKE
GUQSEIK
GUQSEIKE
GUQSEIKZ
GUQSEZ
GUQSEZK
GUQSEZKE
GUQSEZKI
GUQSEZI
GUQSEZIK
GUQSEZIKE
GUQSEK
GUQSEKE
GUQSEKI
GUQSEKIZ
GUQSEKZ
GUQSEKZI
GUQSEE
GUQSEEK
GUQSEEKI
GUQSEEKIZ
GUQSEEKZ
GUQSEEKZI
GUQSK
GUQSKE
GUQSKEE
GUQSKEEI
GUQSKEEIZ
GUQSKEEZ
GUQSKEEZI
GUQSKE
GUQSKEI
GUQSKEIZ
GUQSKEZ
GUQSKEZI
GUQSKEE
GUQSKI
GUQSKIE
GUQSKIEZ
GUQSKIEE
GUQSKIZ
GUQSKIZE
GUQSKIZEE
GUQSKZ
GUQSKZE
GUQSKZEI
GUQSKZEE
GUQSKZI
GUQSKZIE
GUQSKZIEE
GUQSE
GUQSEE
GUQSEEI
GUQSEEIZ
GUQSEEIZK
GUQSEEIK
GUQSEEIKZ
GUQSEEZ
GUQSEEZK
GUQSEEZKI
GUQSEEZI
GUQSEEZIK
GUQSEEK
GUQSEEKI
GUQSEEKIZ
GUQSEEKZ
GUQSEEKZI
GUQSEK
GUQSEKE
GUQSEKEI
GUQSEKEIZ
GUQSEKEZ
GUQSEKEZI
GUQSEKI
GUQSEKIE
GUQSEKIEZ
GUQSEKIZ
GUQSEKIZE
GUQSEKZ
GUQSEKZE
GUQSEKZEI
GUQSEKZI
GUQSEKZIE
GUI
GUIE
GUIES
GUIESQ
GUIESK
GUIESKE
GUIESKZ
GUIESE
GUIESEK
GUIESEKZ
GUIEQ
GUIEQS
GUIEQSK
GUIEQSKE
GUIEQSKZ
GUIEQSE
GUIEQSEK
GUIEQSEKZ
GUIEZ
GUIEZK
GUIEZKE
GUIEZKES
GUIEZKESQ
GUIEZKS
GUIEZKSQ
GUIEZKSE
GUIEK
GUIEKE
GUIEKES
GUIEKESQ
GUIEKS
GUIEKSQ
GUIEKSE
GUIEKZ
GUIEE
GUIEES
GUIEESQ
GUIEESK
GUIEESKZ
GUIEEK
GUIEEKS
GUIEEKSQ
GUIEEKZ
GUIZ
GUIZK
GUIZKE
GUIZKES
GUIZKESQ
GUIZKESQE
GUIZKESE
GUIZKESEQ
GUIZKEE
GUIZKEES
GUIZKEESQ
GUIZKEEQ
GUIZKEEQS
GUIZKS
GUIZKSQ
GUIZKSQE
GUIZKSQEE
GUIZKSE
GUIZKSEQ
GUIZKSEE
GUIZKSE
GUIZKSEE
GUIZKSEEQ
GUIZKE
GUIZKES
GUIZKESQ
GUIZKESE
GUIZKEQ
GUIZKEQS
GUIZKEQSE
GUIZKEE
GUIZKEES
GUIZKEESQ
GUIZE
GUIZES
GUIZESQ
GUIZESK
GUIZESKE
GUIZESE
GUIZESEK
GUIZEQ
GUIZEQS
GUIZEQSK
GUIZEQSKE
GUIZEQSE
GUIZEQSEK
GUIZEK
GUIZEKE
GUIZEKES
GUIZEKESQ
GUIZEKS
GUIZEKSQ
GUIZEKSE
GUIZEE
GUIZEES
GUIZEESQ
GUIZEESK
GUIZEEK
GUIZEEKS
GUIZEEKSQ
GUIK
GUIKE
GUIKES
GUIKESQ
GUIKESQE
GUIKESQEZ
GUIKESE
GUIKESEQ
GUIKESEZ
GUIKEE
GUIKEES
GUIKEESQ
GUIKEEQ
GUIKEEQS
GUIKEEZ
GUIKS
GUIKSQ
GUIKSQE
GUIKSQEZ
GUIKSQEE
GUIKSE
GUIKSEQ
GUIKSEZ
GUIKSEE
GUIKSE
GUIKSEE
GUIKSEEQ
GUIKSEEZ
GUIKE
GUIKES
GUIKESQ
GUIKESE
GUIKEQ
GUIKEQS
GUIKEQSE
GUIKEZ
GUIKEE
GUIKEES
GUIKEESQ
GUIKZ
GUIKZE
GUIKZES
GUIKZESQ
GUIKZESE
GUIKZEQ
GUIKZEQS
GUIKZEQSE
GUIKZEE
GUIKZEES
GUIKZEESQ
GUE
GUES
GUESQ
GUESK
GUESKE
GUESKI
GUESKIZ
GUESKZ
GUESKZI
GUESE
GUESEK
GUESEKI
GUESEKIZ
GUESEKZ
GUESEKZI
GUEQ
GUEQS
GUEQSK
GUEQSKE
GUEQSKI
GUEQSKIZ
GUEQSKZ
GUEQSKZI
GUEQSE
GUEQSEK
GUEQSEKI
GUEQSEKIZ
GUEQSEKZ
GUEQSEKZI
GUEI
GUEIZ
GUEIZK
GUEIZKE
GUEIZKES
GUEIZKESQ
GUEIZKS
GUEIZKSQ
GUEIZKSE
GUEIK
GUEIKE
GUEIKES
GUEIKESQ
GUEIKS
GUEIKSQ
GUEIKSE
GUEIKZ
GUEZ
GUEZK
GUEZKE
GUEZKES
GUEZKESQ
GUEZKS
GUEZKSQ
GUEZKSE
GUEZKI
GUEZI
GUEZIK
GUEZIKE
GUEZIKES
GUEZIKESQ
GUEZIKS
GUEZIKSQ
GUEZIKSE
GUEK
GUEKE
GUEKES
GUEKESQ
GUEKS
GUEKSQ
GUEKSE
GUEKI
GUEKIZ
GUEKZ
GUEKZI
GUEE
GUEES
GUEESQ
GUEESK
GUEESKI
GUEESKIZ
GUEESKZ
GUEESKZI
GUEEK
GUEEKS
GUEEKSQ
GUEEKI
GUEEKIZ
GUEEKZ
GUEEKZI
GUS
GUSQ
GUSQE
GUSQEI
GUSQEIZ
GUSQEIZK
GUSQEIZKE
GUSQEIK
GUSQEIKE
GUSQEIKZ
GUSQEZ
GUSQEZK
GUSQEZKE
GUSQEZKI
GUSQEZI
GUSQEZIK
GUSQEZIKE
GUSQEK
GUSQEKE
GUSQEKI
GUSQEKIZ
GUSQEKZ
GUSQEKZI
GUSQEE
GUSQEEK
GUSQEEKI
GUSQEEKIZ
GUSQEEKZ
GUSQEEKZI
GUSE
GUSEQ
GUSEI
GUSEIZ
GUSEIZK
GUSEIZKE
GUSEIK
GUSEIKE
GUSEIKZ
GUSEZ
GUSEZK
GUSEZKE
GUSEZKI
GUSEZI
GUSEZIK
GUSEZIKE
GUSEK
GUSEKE
GUSEKI
GUSEKIZ
GUSEKZ
GUSEKZI
GUSEE
GUSEEK
GUSEEKI
GUSEEKIZ
GUSEEKZ
GUSEEKZI
GUSK
GUSKE
GUSKEE
GUSKEEQ
GUSKEEI
GUSKEEIZ
GUSKEEZ
GUSKEEZI
GUSKE
GUSKEQ
GUSKEI
GUSKEIZ
GUSKEZ
GUSKEZI
GUSKEE
GUSKI
GUSKIE
GUSKIEQ
GUSKIEZ
GUSKIEE
GUSKIZ
GUSKIZE
GUSKIZEQ
GUSKIZEE
GUSKZ
GUSKZE
GUSKZEQ
GUSKZEI
GUSKZEE
GUSKZI
GUSKZIE
GUSKZIEQ
GUSKZIEE
GUSE
GUSEE
GUSEEQ
GUSEEI
GUSEEIZ
GUSEEIZK
GUSEEIK
GUSEEIKZ
GUSEEZ
GUSEEZK
GUSEEZKI
GUSEEZI
GUSEEZIK
GUSEEK
GUSEEKI
GUSEEKIZ
GUSEEKZ
GUSEEKZI
GUSEK
GUSEKE
GUSEKEQ
GUSEKEI
GUSEKEIZ
GUSEKEZ
GUSEKEZI
GUSEKI
GUSEKIE
GUSEKIEQ
GUSEKIEZ
GUSEKIZ
GUSEKIZE
GUSEKIZEQ
GUSEKZ
GUSEKZE
GUSEKZEQ
GUSEKZEI
GUSEKZI
GUSEKZIE
GUSEKZIEQ
GI
GIE
GIES
GIESQ
GIESQU
GIESU
GIESUQ
GIESK
GIESKE
GIESKZ
GIESE
GIESEK
GIESEKZ
GIEQ
GIEQU
GIEQUS
GIEQUSK
GIEQUSKE
GIEQUSKZ
GIEQUSE
GIEQUSEK
GIEQUSEKZ
GIEQS
GIEQSU
GIEQSK
GIEQSKE
GIEQSKZ
GIEQSE
GIEQSEK
GIEQSEKZ
GIEU
GIEUQ
GIEUQS
GIEUQSK
GIEUQSKE
GIEUQSKZ
GIEUQSE
GIEUQSEK
GIEUQSEKZ
GIEUS
GIEUSQ
GIEUSK
GIEUSKE
GIEUSKZ
GIEUSE
GIEUSEK
GIEUSEKZ
GIEZ
GIEZK
GIEZKE
GIEZKES
GIEZKESQ
GIEZKESQU
GIEZKESU
GIEZKESUQ
GIEZKS
GIEZKSQ
GIEZKSQU
GIEZKSU
GIEZKSUQ
GIEZKSE
GIEK
GIEKE
GIEKES
GIEKESQ
GIEKESQU
GIEKESU
GIEKESUQ
GIEKS
GIEKSQ
GIEKSQU
GIEKSU
GIEKSUQ
GIEKSE
GIEKZ
GIEE
GIEES
GIEESQ
GIEESQU
GIEESU
GIEESUQ
GIEESK
GIEESKZ
GIEEK
GIEEKS
GIEEKSQ
GIEEKSQU
GIEEKSU
GIEEKSUQ
GIEEKZ
GIU
GIUQ
GIUQE
GIUQES
GIUQESK
GIUQESKE
GIUQESKZ
GIUQESE
GIUQESEK
GIUQESEKZ
GIUQEZ
GIUQEZK
GIUQEZKE
GIUQEZKES
GIUQEZKS
GIUQEZKSE
GIUQEK
GIUQEKE
GIUQEKES
GIUQEKS
GIUQEKSE
GIUQEKZ
GIUQEE
GIUQEES
GIUQEESK
GIUQEESKZ
GIUQEEK
GIUQEEKS
GIUQEEKZ
GIUQS
GIUQSE
GIUQSEZ
GIUQSEZK
GIUQSEZKE
GIUQSEK
GIUQSEKE
GIUQSEKZ
GIUQSEE
GIUQSEEK
GIUQSEEKZ
GIUQSK
GIUQSKE
GIUQSKEE
GIUQSKEEZ
GIUQSKE
GIUQSKEZ
GIUQSKEE
GIUQSKZ
GIUQSKZE
GIUQSKZEE
GIUQSE
GIUQSEE
GIUQSEEZ
GIUQSEEZK
GIUQSEEK
GIUQSEEKZ
GIUQSEK
GIUQSEKE
GIUQSEKEZ
GIUQSEKZ
GIUQSEKZE
GIUE
GIUES
GIUESQ
GIUESK
GIUESKE
GIUESKZ
GIUESE
GIUESEK
GIUESEKZ
GIUEQ
GIUEQS
GIUEQSK
GIUEQSKE
GIUEQSKZ
GIUEQSE
GIUEQSEK
GIUEQSEKZ
GIUEZ
GIUEZK
GIUEZKE
GIUEZKES
GIUEZKESQ
GIUEZKS
GIUEZKSQ
GIUEZKSE
GIUEK
GIUEKE
GIUEKES
GIUEKESQ
GIUEKS
GIUEKSQ
GIUEKSE
GIUEKZ
GIUEE
GIUEES
GIUEESQ
GIUEESK
GIUEESKZ
GIUEEK
GIUEEKS
GIUEEKSQ
GIUEEKZ
GIUS
GIUSQ
GIUSQE
GIUSQEZ
GIUSQEZK
GIUSQEZKE
GIUSQEK
GIUSQEKE
GIUSQEKZ
GIUSQEE
GIUSQEEK
GIUSQEEKZ
GIUSE
GIUSEQ
GIUSEZ
GIUSEZK
GIUSEZKE
GIUSEK
GIUSEKE
GIUSEKZ
GIUSEE
GIUSEEK
GIUSEEKZ
GIUSK
GIUSKE
GIUSKEE
GIUSKEEQ
GIUSKEEZ
GIUSKE
GIUSKEQ
GIUSKEZ
GIUSKEE
GIUSKZ
GIUSKZE
GIUSKZEQ
GIUSKZEE
GIUSE
GIUSEE
GIUSEEQ
GIUSEEZ
GIUSEEZK
GIUSEEK
GIUSEEKZ
GIUSEK
GIUSEKE
GIUSEKEQ
GIUSEKEZ
GIUSEKZ
GIUSEKZE
GIUSEKZEQ
GIZ
GIZK
GIZKE
GIZKES
GIZKESQ
GIZKESQU
GIZKESQUE
GIZKESQE
GIZKESQEU
GIZKESU
GIZKESUQ
GIZKESUQE
GIZKESUE
GIZKESUEQ
GIZKESE
GIZKESEQ
GIZKESEQU
GIZKESEU
GIZKESEUQ
GIZKEE
GIZKEES
GIZKEESQ
GIZKEESQU
GIZKEESU
GIZKEESUQ
GIZKEEQ
GIZKEEQU
GIZKEEQUS
GIZKEEQS
GIZKEEQSU
GIZKEEU
GIZKEEUQ
GIZKEEUQS
GIZKEEUS
GIZKEEUSQ
GIZKS
GIZKSQ
GIZKSQU
GIZKSQUE
GIZKSQUEE
GIZKSQE
GIZKSQEU
GIZKSQEE
GIZKSU
GIZKSUQ
GIZKSUQE
GIZKSUQEE
GIZKSUE
GIZKSUEQ
GIZKSUEE
GIZKSE
GIZKSEQ
GIZKSEQU
GIZKSEU
GIZKSEUQ
GIZKSEE
GIZKSE
GIZKSEE
GIZKSEEQ
GIZKSEEQU
GIZKSEEU
GIZKSEEUQ
GIZKE
GIZKES
GIZKESQ
GIZKESQU
GIZKESU
GIZKESUQ
GIZKESE
GIZKEQ
GIZKEQU
GIZKEQUS
GIZKEQUSE
GIZKEQS
GIZKEQSU
GIZKEQSE
GIZKEU
GIZKEUQ
GIZKEUQS
GIZKEUQSE
GIZKEUS
GIZKEUSQ
GIZKEUSE
GIZKEE
GIZKEES
GIZKEESQ
GIZKEESQU
GIZKEESU
GIZKEESUQ
GIZE
GIZES
GIZESQ
GIZESQU
GIZESU
GIZESUQ
GIZESK
GIZESKE
GIZESE
GIZESEK
GIZEQ
GIZEQU
GIZEQUS
GIZEQUSK
GIZEQUSKE
GIZEQUSE
GIZEQUSEK
GIZEQS
GIZEQSU
GIZEQSK
GIZEQSKE
GIZEQSE
GIZEQSEK
GIZEU
GIZEUQ
GIZEUQS
GIZEUQSK
GIZEUQSKE
GIZEUQSE
GIZEUQSEK
GIZEUS
GIZEUSQ
GIZEUSK
GIZEUSKE
GIZEUSE
GIZEUSEK
GIZEK
GIZEKE
GIZEKES
GIZEKESQ
GIZEKESQU
GIZEKESU
GIZEKESUQ
GIZEKS
GIZEKSQ
GIZEKSQU
GIZEKSU
GIZEKSUQ
GIZEKSE
GIZEE
GIZEES
GIZEESQ
GIZEESQU
GIZEESU
GIZEESUQ
GIZEESK
GIZEEK
GIZEEKS
GIZEEKSQ
GIZEEKSQU
GIZEEKSU
GIZEEKSUQ
GIK
GIKE
GIKES
GIKESQ
GIKESQU
GIKESQUE
GIKESQUEZ
GIKESQE
GIKESQEU
GIKESQEZ
GIKESU
GIKESUQ
GIKESUQE
GIKESUQEZ
GIKESUE
GIKESUEQ
GIKESUEZ
GIKESE
GIKESEQ
GIKESEQU
GIKESEU
GIKESEUQ
GIKESEZ
GIKEE
GIKEES
GIKEESQ
GIKEESQU
GIKEESU
GIKEESUQ
GIKEEQ
GIKEEQU
GIKEEQUS
GIKEEQS
GIKEEQSU
GIKEEU
GIKEEUQ
GIKEEUQS
GIKEEUS
GIKEEUSQ
GIKEEZ
GIKS
GIKSQ
GIKSQU
GIKSQUE
GIKSQUEZ
GIKSQUEE
GIKSQE
GIKSQEU
GIKSQEZ
GIKSQEE
GIKSU
GIKSUQ
GIKSUQE
GIKSUQEZ
GIKSUQEE
GIKSUE
GIKSUEQ
GIKSUEZ
GIKSUEE
GIKSE
GIKSEQ
GIKSEQU
GIKSEU
GIKSEUQ
GIKSEZ
GIKSEE
GIKSE
GIKSEE
GIKSEEQ
GIKSEEQU
GIKSEEU
GIKSEEUQ
GIKSEEZ
GIKE
GIKES
GIKESQ
GIKESQU
GIKESU
GIKESUQ
GIKESE
GIKEQ
GIKEQU
GIKEQUS
GIKEQUSE
GIKEQS
GIKEQSU
GIKEQSE
GIKEU
GIKEUQ
GIKEUQS
GIKEUQSE
GIKEUS
GIKEUSQ
GIKEUSE
GIKEZ
GIKEE
GIKEES
GIKEESQ
GIKEESQU
GIKEESU
GIKEESUQ
GIKZ
GIKZE
GIKZES
GIKZESQ
GIKZESQU
GIKZESU
GIKZESUQ
GIKZESE
GIKZEQ
GIKZEQU
GIKZEQUS
GIKZEQUSE
GIKZEQS
GIKZEQSU
GIKZEQSE
GIKZEU
GIKZEUQ
GIKZEUQS
GIKZEUQSE
GIKZEUS
GIKZEUSQ
GIKZEUSE
GIKZEE
GIKZEES
GIKZEESQ
GIKZEESQU
GIKZEESU
GIKZEESUQ
GE
GES
GESQ
GESQU
GESQUI
GESQUIZ
GESQUIZK
GESQUIZKE
GESQUIK
GESQUIKE
GESQUIKZ
GESU
GESUQ
GESUI
GESUIZ
GESUIZK
GESUIZKE
GESUIK
GESUIKE
GESUIKZ
GESK
GESKE
GESKI
GESKIU
GESKIUQ
GESKIZ
GESKZ
GESKZI
GESKZIU
GESKZIUQ
GESE
GESEK
GESEKI
GESEKIU
GESEKIUQ
GESEKIZ
GESEKZ
GESEKZI
GESEKZIU
GESEKZIUQ
GEQ
GEQU
GEQUI
GEQUIZ
GEQUIZK
GEQUIZKE
GEQUIZKES
GEQUIZKS
GEQUIZKSE
GEQUIK
GEQUIKE
GEQUIKES
GEQUIKS
GEQUIKSE
GEQUIKZ
GEQUS
GEQUSK
GEQUSKE
GEQUSKI
GEQUSKIZ
GEQUSKZ
GEQUSKZI
GEQUSE
GEQUSEK
GEQUSEKI
GEQUSEKIZ
GEQUSEKZ
GEQUSEKZI
GEQS
GEQSU
GEQSUI
GEQSUIZ
GEQSUIZK
GEQSUIZKE
GEQSUIK
GEQSUIKE
GEQSUIKZ
GEQSK
GEQSKE
GEQSKI
GEQSKIU
GEQSKIZ
GEQSKZ
GEQSKZI
GEQSKZIU
GEQSE
GEQSEK
GEQSEKI
GEQSEKIU
GEQSEKIZ
GEQSEKZ
GEQSEKZI
GEQSEKZIU
GEU
GEUQ
GEUQS
GEUQSK
GEUQSKE
GEUQSKI
GEUQSKIZ
GEUQSKZ
GEUQSKZI
GEUQSE
GEUQSEK
GEUQSEKI
GEUQSEKIZ
GEUQSEKZ
GEUQSEKZI
GEUI
GEUIZ
GEUIZK
GEUIZKE
GEUIZKES
GEUIZKESQ
GEUIZKS
GEUIZKSQ
GEUIZKSE
GEUIK
GEUIKE
GEUIKES
GEUIKESQ
GEUIKS
GEUIKSQ
GEUIKSE
GEUIKZ
GEUS
GEUSQ
GEUSK
GEUSKE
GEUSKI
GEUSKIZ
GEUSKZ
GEUSKZI
GEUSE
GEUSEK
GEUSEKI
GEUSEKIZ
GEUSEKZ
GEUSEKZI
GEI
GEIU
GEIUQ
GEIUQS
GEIUQSK
GEIUQSKE
GEIUQSKZ
GEIUQSE
GEIUQSEK
GEIUQSEKZ
GEIUS
GEIUSQ
GEIUSK
GEIUSKE
GEIUSKZ
GEIUSE
GEIUSEK
GEIUSEKZ
GEIZ
GEIZK
GEIZKE
GEIZKES
GEIZKESQ
GEIZKESQU
GEIZKESU
GEIZKESUQ
GEIZKS
GEIZKSQ
GEIZKSQU
GEIZKSU
GEIZKSUQ
GEIZKSE
GEIK
GEIKE
GEIKES
GEIKESQ
GEIKESQU
GEIKESU
GEIKESUQ
GEIKS
GEIKSQ
GEIKSQU
GEIKSU
GEIKSUQ
GEIKSE
GEIKZ
GEZ
GEZK
GEZKE
GEZKES
GEZKESQ
GEZKESQU
GEZKESQUI
GEZKESU
GEZKESUQ
GEZKESUI
GEZKS
GEZKSQ
GEZKSQU
GEZKSQUI
GEZKSU
GEZKSUQ
GEZKSUI
GEZKSE
GEZKI
GEZKIU
GEZKIUQ
GEZKIUQS
GEZKIUQSE
GEZKIUS
GEZKIUSQ
GEZKIUSE
GEZI
GEZIU
GEZIUQ
GEZIUQS
GEZIUQSK
GEZIUQSKE
GEZIUQSE
GEZIUQSEK
GEZIUS
GEZIUSQ
GEZIUSK
GEZIUSKE
GEZIUSE
GEZIUSEK
GEZIK
GEZIKE
GEZIKES
GEZIKESQ
GEZIKESQU
GEZIKESU
GEZIKESUQ
GEZIKS
GEZIKSQ
GEZIKSQU
GEZIKSU
GEZIKSUQ
GEZIKSE
GEK
GEKE
GEKES
GEKESQ
GEKESQU
GEKESQUI
GEKESQUIZ
GEKESU
GEKESUQ
GEKESUI
GEKESUIZ
GEKS
GEKSQ
GEKSQU
GEKSQUI
GEKSQUIZ
GEKSU
GEKSUQ
GEKSUI
GEKSUIZ
GEKSE
GEKI
GEKIU
GEKIUQ
GEKIUQS
GEKIUQSE
GEKIUS
GEKIUSQ
GEKIUSE
GEKIZ
GEKZ
GEKZI
GEKZIU
GEKZIUQ
GEKZIUQS
GEKZIUQSE
GEKZIUS
GEKZIUSQ
GEKZIUSE
GEE
GEES
GEESQ
GEESQU
GEESQUI
GEESQUIZ
GEESQUIZK
GEESQUIK
GEESQUIKZ
GEESU
GEESUQ
GEESUI
GEESUIZ
GEESUIZK
GEESUIK
GEESUIKZ
GEESK
GEESKI
GEESKIU
GEESKIUQ
GEESKIZ
GEESKZ
GEESKZI
GEESKZIU
GEESKZIUQ
GEEK
GEEKS
GEEKSQ
GEEKSQU
GEEKSQUI
GEEKSQUIZ
GEEKSU
GEEKSUQ
GEEKSUI
GEEKSUIZ
GEEKI
GEEKIU
GEEKIUQ
GEEKIUQS
GEEKIUS
GEEKIUSQ
GEEKIZ
GEEKZ
GEEKZI
GEEKZIU
GEEKZIUQ
GEEKZIUQS
GEEKZIUS
GEEKZIUSQ
I
IE
IES
IESQ
IESQU
IESQUG
IESU
IESUQ
IESUG
IESK
IESKE
IESKZ
IESE
IESEK
IESEKZ
IEQ
IEQU
IEQUG
IEQUS
IEQUSK
IEQUSKE
IEQUSKZ
IEQUSE
IEQUSEK
IEQUSEKZ
IEQS
IEQSU
IEQSUG
IEQSK
IEQSKE
IEQSKZ
IEQSE
IEQSEK
IEQSEKZ
IEU
IEUQ
IEUQS
IEUQSK
IEUQSKE
IEUQSKZ
IEUQSE
IEUQSEK
IEUQSEKZ
IEUG
IEUS
IEUSQ
IEUSK
IEUSKE
IEUSKZ
IEUSE
IEUSEK
IEUSEKZ
IEG
IEGU
IEGUQ
IEGUQS
IEGUQSK
IEGUQSKE
IEGUQSKZ
IEGUQSE
IEGUQSEK
IEGUQSEKZ
IEGUS
IEGUSQ
IEGUSK
IEGUSKE
IEGUSKZ
IEGUSE
IEGUSEK
IEGUSEKZ
IEZ
IEZK
IEZKE
IEZKES
IEZKESQ
IEZKESQU
IEZKESQUG
IEZKESU
IEZKESUQ
IEZKESUG
IEZKS
IEZKSQ
IEZKSQU
IEZKSQUG
IEZKSU
IEZKSUQ
IEZKSUG
IEZKSE
IEK
IEKE
IEKES
IEKESQ
IEKESQU
IEKESQUG
IEKESU
IEKESUQ
IEKESUG
IEKS
IEKSQ
IEKSQU
IEKSQUG
IEKSU
IEKSUQ
IEKSUG
IEKSE
IEKZ
IEE
IEES
IEESQ
IEESQU
IEESQUG
IEESU
IEESUQ
IEESUG
IEESK
IEESKZ
IEEK
IEEKS
IEEKSQ
IEEKSQU
IEEKSQUG
IEEKSU
IEEKSUQ
IEEKSUG
IEEKZ
IU
IUQ
IUQE
IUQES
IUQESK
IUQESKE
IUQESKZ
IUQESE
IUQESEK
IUQESEKZ
IUQEG
IUQEZ
IUQEZK
IUQEZKE
IUQEZKES
IUQEZKS
IUQEZKSE
IUQEK
IUQEKE
IUQEKES
IUQEKS
IUQEKSE
IUQEKZ
IUQEE
IUQEES
IUQEESK
IUQEESKZ
IUQEEK
IUQEEKS
IUQEEKZ
IUQS
IUQSE
IUQSEG
IUQSEZ
IUQSEZK
IUQSEZKE
IUQSEK
IUQSEKE
IUQSEKZ
IUQSEE
IUQSEEK
IUQSEEKZ
IUQSK
IUQSKE
IUQSKEE
IUQSKEEG
IUQSKEEZ
IUQSKE
IUQSKEG
IUQSKEZ
IUQSKEE
IUQSKZ
IUQSKZE
IUQSKZEG
IUQSKZEE
IUQSE
IUQSEE
IUQSEEG
IUQSEEZ
IUQSEEZK
IUQSEEK
IUQSEEKZ
IUQSEK
IUQSEKE
IUQSEKEG
IUQSEKEZ
IUQSEKZ
IUQSEKZE
IUQSEKZEG
IUG
IUGE
IUGES
IUGESQ
IUGESK
IUGESKE
IUGESKZ
IUGESE
IUGESEK
IUGESEKZ
IUGEQ
IUGEQS
IUGEQSK
IUGEQSKE
IUGEQSKZ
IUGEQSE
IUGEQSEK
IUGEQSEKZ
IUGEZ
IUGEZK
IUGEZKE
IUGEZKES
IUGEZKESQ
IUGEZKS
IUGEZKSQ
IUGEZKSE
IUGEK
IUGEKE
IUGEKES
IUGEKESQ
IUGEKS
IUGEKSQ
IUGEKSE
IUGEKZ
IUGEE
IUGEES
IUGEESQ
IUGEESK
IUGEESKZ
IUGEEK
IUGEEKS
IUGEEKSQ
IUGEEKZ
IUE
IUES
IUESQ
IUESK
IUESKE
IUESKZ
IUESE
IUESEK
IUESEKZ
IUEQ
IUEQS
IUEQSK
IUEQSKE
IUEQSKZ
IUEQSE
IUEQSEK
IUEQSEKZ
IUEG
IUEZ
IUEZK
IUEZKE
IUEZKES
IUEZKESQ
IUEZKS
IUEZKSQ
IUEZKSE
IUEK
IUEKE
IUEKES
IUEKESQ
IUEKS
IUEKSQ
IUEKSE
IUEKZ
IUEE
IUEES
IUEESQ
IUEESK
IUEESKZ
IUEEK
IUEEKS
IUEEKSQ
IUEEKZ
IUS
IUSQ
IUSQE
IUSQEG
IUSQEZ
IUSQEZK
IUSQEZKE
IUSQEK
IUSQEKE
IUSQEKZ
IUSQEE
IUSQEEK
IUSQEEKZ
IUSE
IUSEQ
IUSEG
IUSEZ
IUSEZK
IUSEZKE
IUSEK
IUSEKE
IUSEKZ
IUSEE
IUSEEK
IUSEEKZ
IUSK
IUSKE
IUSKEE
IUSKEEQ
IUSKEEG
IUSKEEZ
IUSKE
IUSKEQ
IUSKEG
IUSKEZ
IUSKEE
IUSKZ
IUSKZE
IUSKZEQ
IUSKZEG
IUSKZEE
IUSE
IUSEE
IUSEEQ
IUSEEG
IUSEEZ
IUSEEZK
IUSEEK
IUSEEKZ
IUSEK
IUSEKE
IUSEKEQ
IUSEKEG
IUSEKEZ
IUSEKZ
IUSEKZE
IUSEKZEQ
IUSEKZEG
IG
IGU
IGUQ
IGUQE
IGUQES
IGUQESK
IGUQESKE
IGUQESKZ
IGUQESE
IGUQESEK
IGUQESEKZ
IGUQEZ
IGUQEZK
IGUQEZKE
IGUQEZKES
IGUQEZKS
IGUQEZKSE
IGUQEK
IGUQEKE
IGUQEKES
IGUQEKS
IGUQEKSE
IGUQEKZ
IGUQEE
IGUQEES
IGUQEESK
IGUQEESKZ
IGUQEEK
IGUQEEKS
IGUQEEKZ
IGUQS
IGUQSE
IGUQSEZ
IGUQSEZK
IGUQSEZKE
IGUQSEK
IGUQSEKE
IGUQSEKZ
IGUQSEE
IGUQSEEK
IGUQSEEKZ
IGUQSK
IGUQSKE
IGUQSKEE
IGUQSKEEZ
IGUQSKE
IGUQSKEZ
IGUQSKEE
IGUQSKZ
IGUQSKZE
IGUQSKZEE
IGUQSE
IGUQSEE
IGUQSEEZ
IGUQSEEZK
IGUQSEEK
IGUQSEEKZ
IGUQSEK
IGUQSEKE
IGUQSEKEZ
IGUQSEKZ
IGUQSEKZE
IGUE
IGUES
IGUESQ
IGUESK
IGUESKE
IGUESKZ
IGUESE
IGUESEK
IGUESEKZ
IGUEQ
IGUEQS
IGUEQSK
IGUEQSKE
IGUEQSKZ
IGUEQSE
IGUEQSEK
IGUEQSEKZ
IGUEZ
IGUEZK
IGUEZKE
IGUEZKES
IGUEZKESQ
IGUEZKS
IGUEZKSQ
IGUEZKSE
IGUEK
IGUEKE
IGUEKES
IGUEKESQ
IGUEKS
IGUEKSQ
IGUEKSE
IGUEKZ
IGUEE
IGUEES
IGUEESQ
IGUEESK
IGUEESKZ
IGUEEK
IGUEEKS
IGUEEKSQ
IGUEEKZ
IGUS
IGUSQ
IGUSQE
IGUSQEZ
IGUSQEZK
IGUSQEZKE
IGUSQEK
IGUSQEKE
IGUSQEKZ
IGUSQEE
IGUSQEEK
IGUSQEEKZ
IGUSE
IGUSEQ
IGUSEZ
IGUSEZK
IGUSEZKE
IGUSEK
IGUSEKE
IGUSEKZ
IGUSEE
IGUSEEK
IGUSEEKZ
IGUSK
IGUSKE
IGUSKEE
IGUSKEEQ
IGUSKEEZ
IGUSKE
IGUSKEQ
IGUSKEZ
IGUSKEE
IGUSKZ
IGUSKZE
IGUSKZEQ
IGUSKZEE
IGUSE
IGUSEE
IGUSEEQ
IGUSEEZ
IGUSEEZK
IGUSEEK
IGUSEEKZ
IGUSEK
IGUSEKE
IGUSEKEQ
IGUSEKEZ
IGUSEKZ
IGUSEKZE
IGUSEKZEQ
IGE
IGES
IGESQ
IGESQU
IGESU
IGESUQ
IGESK
IGESKE
IGESKZ
IGESE
IGESEK
IGESEKZ
IGEQ
IGEQU
IGEQUS
IGEQUSK
IGEQUSKE
IGEQUSKZ
IGEQUSE
IGEQUSEK
IGEQUSEKZ
IGEQS
IGEQSU
IGEQSK
IGEQSKE
IGEQSKZ
IGEQSE
IGEQSEK
IGEQSEKZ
IGEU
IGEUQ
IGEUQS
IGEUQSK
IGEUQSKE
IGEUQSKZ
IGEUQSE
IGEUQSEK
IGEUQSEKZ
IGEUS
IGEUSQ
IGEUSK
IGEUSKE
IGEUSKZ
IGEUSE
IGEUSEK
IGEUSEKZ
IGEZ
IGEZK
IGEZKE
IGEZKES
IGEZKESQ
IGEZKESQU
IGEZKESU
IGEZKESUQ
IGEZKS
IGEZKSQ
IGEZKSQU
IGEZKSU
IGEZKSUQ
IGEZKSE
IGEK
IGEKE
IGEKES
IGEKESQ
IGEKESQU
IGEKESU
IGEKESUQ
IGEKS
IGEKSQ
IGEKSQU
IGEKSU
IGEKSUQ
IGEKSE
IGEKZ
IGEE
IGEES
IGEESQ
IGEESQU
IGEESU
IGEESUQ
IGEESK
IGEESKZ
IGEEK
IGEEKS
IGEEKSQ
IGEEKSQU
IGEEKSU
IGEEKSUQ
IGEEKZ
IZ
IZK
IZKE
IZKES
IZKESQ
IZKESQU
IZKESQUG
IZKESQUGE
IZKESQUE
IZKESQUEG
IZKESQE
IZKESQEU
IZKESQEUG
IZKESQEG
IZKESQEGU
IZKESU
IZKESUQ
IZKESUQE
IZKESUQEG
IZKESUG
IZKESUGE
IZKESUGEQ
IZKESUE
IZKESUEQ
IZKESUEG
IZKESE
IZKESEQ
IZKESEQU
IZKESEQUG
IZKESEU
IZKESEUQ
IZKESEUG
IZKESEG
IZKESEGU
IZKESEGUQ
IZKEE
IZKEES
IZKEESQ
IZKEESQU
IZKEESQUG
IZKEESU
IZKEESUQ
IZKEESUG
IZKEEQ
IZKEEQU
IZKEEQUG
IZKEEQUS
IZKEEQS
IZKEEQSU
IZKEEQSUG
IZKEEU
IZKEEUQ
IZKEEUQS
IZKEEUG
IZKEEUS
IZKEEUSQ
IZKEEG
IZKEEGU
IZKEEGUQ
IZKEEGUQS
IZKEEGUS
IZKEEGUSQ
IZKS
IZKSQ
IZKSQU
IZKSQUG
IZKSQUGE
IZKSQUGEE
IZKSQUE
IZKSQUEG
IZKSQUEE
IZKSQE
IZKSQEU
IZKSQEUG
IZKSQEG
IZKSQEGU
IZKSQEE
IZKSU
IZKSUQ
IZKSUQE
IZKSUQEG
IZKSUQEE
IZKSUG
IZKSUGE
IZKSUGEQ
IZKSUGEE
IZKSUE
IZKSUEQ
IZKSUEG
IZKSUEE
IZKSE
IZKSEQ
IZKSEQU
IZKSEQUG
IZKSEU
IZKSEUQ
IZKSEUG
IZKSEG
IZKSEGU
IZKSEGUQ
IZKSEE
IZKSE
IZKSEE
IZKSEEQ
IZKSEEQU
IZKSEEQUG
IZKSEEU
IZKSEEUQ
IZKSEEUG
IZKSEEG
IZKSEEGU
IZKSEEGUQ
IZKE
IZKES
IZKESQ
IZKESQU
IZKESQUG
IZKESU
IZKESUQ
IZKESUG
IZKESE
IZKEQ
IZKEQU
IZKEQUG
IZKEQUS
IZKEQUSE
IZKEQS
IZKEQSU
IZKEQSUG
IZKEQSE
IZKEU
IZKEUQ
IZKEUQS
IZKEUQSE
IZKEUG
IZKEUS
IZKEUSQ
IZKEUSE
IZKEG
IZKEGU
IZKEGUQ
IZKEGUQS
IZKEGUQSE
IZKEGUS
IZKEGUSQ
IZKEGUSE
IZKEE
IZKEES
IZKEESQ
IZKEESQU
IZKEESQUG
IZKEESU
IZKEESUQ
IZKEESUG
IZE
IZES
IZESQ
IZESQU
IZESQUG
IZESU
IZESUQ
IZESUG
IZESK
IZESKE
IZESE
IZESEK
IZEQ
IZEQU
IZEQUG
IZEQUS
IZEQUSK
IZEQUSKE
IZEQUSE
IZEQUSEK
IZEQS
IZEQSU
IZEQSUG
IZEQSK
IZEQSKE
IZEQSE
IZEQSEK
IZEU
IZEUQ
IZEUQS
IZEUQSK
IZEUQSKE
IZEUQSE
IZEUQSEK
IZEUG
IZEUS
IZEUSQ
IZEUSK
IZEUSKE
IZEUSE
IZEUSEK
IZEG
IZEGU
IZEGUQ
IZEGUQS
IZEGUQSK
IZEGUQSKE
IZEGUQSE
IZEGUQSEK
IZEGUS
IZEGUSQ
IZEGUSK
IZEGUSKE
IZEGUSE
IZEGUSEK
IZEK
IZEKE
IZEKES
IZEKESQ
IZEKESQU
IZEKESQUG
IZEKESU
IZEKESUQ
IZEKESUG
IZEKS
IZEKSQ
IZEKSQU
IZEKSQUG
IZEKSU
IZEKSUQ
IZEKSUG
IZEKSE
IZEE
IZEES
IZEESQ
IZEESQU
IZEESQUG
IZEESU
IZEESUQ
IZEESUG
IZEESK
IZEEK
IZEEKS
IZEEKSQ
IZEEKSQU
IZEEKSQUG
IZEEKSU
IZEEKSUQ
IZEEKSUG
IK
IKE
IKES
IKESQ
IKESQU
IKESQUG
IKESQUGE
IKESQUGEZ
IKESQUE
IKESQUEG
IKESQUEZ
IKESQE
IKESQEU
IKESQEUG
IKESQEG
IKESQEGU
IKESQEZ
IKESU
IKESUQ
IKESUQE
IKESUQEG
IKESUQEZ
IKESUG
IKESUGE
IKESUGEQ
IKESUGEZ
IKESUE
IKESUEQ
IKESUEG
IKESUEZ
IKESE
IKESEQ
IKESEQU
IKESEQUG
IKESEU
IKESEUQ
IKESEUG
IKESEG
IKESEGU
IKESEGUQ
IKESEZ
IKEE
IKEES
IKEESQ
IKEESQU
IKEESQUG
IKEESU
IKEESUQ
IKEESUG
IKEEQ
IKEEQU
IKEEQUG
IKEEQUS
IKEEQS
IKEEQSU
IKEEQSUG
IKEEU
IKEEUQ
IKEEUQS
IKEEUG
IKEEUS
IKEEUSQ
IKEEG
IKEEGU
IKEEGUQ
IKEEGUQS
IKEEGUS
IKEEGUSQ
IKEEZ
IKS
IKSQ
IKSQU
IKSQUG
IKSQUGE
IKSQUGEZ
IKSQUGEE
IKSQUE
IKSQUEG
IKSQUEZ
IKSQUEE
IKSQE
IKSQEU
IKSQEUG
IKSQEG
IKSQEGU
IKSQEZ
IKSQEE
IKSU
IKSUQ
IKSUQE
IKSUQEG
IKSUQEZ
IKSUQEE
IKSUG
IKSUGE
IKSUGEQ
IKSUGEZ
IKSUGEE
IKSUE
IKSUEQ
IKSUEG
IKSUEZ
IKSUEE
IKSE
IKSEQ
IKSEQU
IKSEQUG
IKSEU
IKSEUQ
IKSEUG
IKSEG
IKSEGU
IKSEGUQ
IKSEZ
IKSEE
IKSE
IKSEE
IKSEEQ
IKSEEQU
IKSEEQUG
IKSEEU
IKSEEUQ
IKSEEUG
IKSEEG
IKSEEGU
IKSEEGUQ
IKSEEZ
IKE
IKES
IKESQ
IKESQU
IKESQUG
IKESU
IKESUQ
IKESUG
IKESE
IKEQ
IKEQU
IKEQUG
IKEQUS
IKEQUSE
IKEQS
IKEQSU
IKEQSUG
IKEQSE
IKEU
IKEUQ
IKEUQS
IKEUQSE
IKEUG
IKEUS
IKEUSQ
IKEUSE
IKEG
IKEGU
IKEGUQ
IKEGUQS
IKEGUQSE
IKEGUS
IKEGUSQ
IKEGUSE
IKEZ
IKEE
IKEES
IKEESQ
IKEESQU
IKEESQUG
IKEESU
IKEESUQ
IKEESUG
IKZ
IKZE
IKZES
IKZESQ
IKZESQU
IKZESQUG
IKZESU
IKZESUQ
IKZESUG
IKZESE
IKZEQ
IKZEQU
IKZEQUG
IKZEQUS
IKZEQUSE
IKZEQS
IKZEQSU
IKZEQSUG
IKZEQSE
IKZEU
IKZEUQ
IKZEUQS
IKZEUQSE
IKZEUG
IKZEUS
IKZEUSQ
IKZEUSE
IKZEG
IKZEGU
IKZEGUQ
IKZEGUQS
IKZEGUQSE
IKZEGUS
IKZEGUSQ
IKZEGUSE
IKZEE
IKZEES
IKZEESQ
IKZEESQU
IKZEESQUG
IKZEESU
IKZEESUQ
IKZEESUG
Z
ZK
ZKE
ZKES
ZKESQ
ZKESQU
ZKESQUG
ZKESQUGI
ZKESQUGIE
ZKESQUGE
ZKESQUGEI
ZKESQUI
ZKESQUIE
ZKESQUIEG
ZKESQUIG
ZKESQUIGE
ZKESQUE
ZKESQUEG
ZKESQUEGI
ZKESQUEI
ZKESQUEIG
ZKESQE
ZKESQEU
ZKESQEUG
ZKESQEUGI
ZKESQEUI
ZKESQEUIG
ZKESQEG
ZKESQEGU
ZKESQEGUI
ZKESQEGI
ZKESQEGIU
ZKESQEI
ZKESQEIU
ZKESQEIUG
ZKESQEIG
ZKESQEIGU
ZKESU
ZKESUQ
ZKESUQE
ZKESUQEG
ZKESUQEGI
ZKESUQEI
ZKESUQEIG
ZKESUG
ZKESUGI
ZKESUGIE
ZKESUGIEQ
ZKESUGE
ZKESUGEQ
ZKESUGEI
ZKESUI
ZKESUIE
ZKESUIEQ
ZKESUIEG
ZKESUIG
ZKESUIGE
ZKESUIGEQ
ZKESUE
ZKESUEQ
ZKESUEG
ZKESUEGI
ZKESUEI
ZKESUEIG
ZKESE
ZKESEQ
ZKESEQU
ZKESEQUG
ZKESEQUGI
ZKESEQUI
ZKESEQUIG
ZKESEU
ZKESEUQ
ZKESEUG
ZKESEUGI
ZKESEUI
ZKESEUIG
ZKESEG
ZKESEGU
ZKESEGUQ
ZKESEGUI
ZKESEGI
ZKESEGIU
ZKESEGIUQ
ZKESEI
ZKESEIU
ZKESEIUQ
ZKESEIUG
ZKESEIG
ZKESEIGU
ZKESEIGUQ
ZKEE
ZKEES
ZKEESQ
ZKEESQU
ZKEESQUG
ZKEESQUGI
ZKEESQUI
ZKEESQUIG
ZKEESU
ZKEESUQ
ZKEESUG
ZKEESUGI
ZKEESUI
ZKEESUIG
ZKEEQ
ZKEEQU
ZKEEQUG
ZKEEQUGI
ZKEEQUI
ZKEEQUIG
ZKEEQUS
ZKEEQS
ZKEEQSU
ZKEEQSUG
ZKEEQSUGI
ZKEEQSUI
ZKEEQSUIG
ZKEEU
ZKEEUQ
ZKEEUQS
ZKEEUG
ZKEEUGI
ZKEEUI
ZKEEUIG
ZKEEUS
ZKEEUSQ
ZKEEG
ZKEEGU
ZKEEGUQ
ZKEEGUQS
ZKEEGUI
ZKEEGUS
ZKEEGUSQ
ZKEEGI
ZKEEGIU
ZKEEGIUQ
ZKEEGIUQS
ZKEEGIUS
ZKEEGIUSQ
ZKEEI
ZKEEIU
ZKEEIUQ
ZKEEIUQS
ZKEEIUG
ZKEEIUS
ZKEEIUSQ
ZKEEIG
ZKEEIGU
ZKEEIGUQ
ZKEEIGUQS
ZKEEIGUS
ZKEEIGUSQ
ZKS
ZKSQ
ZKSQU
ZKSQUG
ZKSQUGI
ZKSQUGIE
ZKSQUGIEE
ZKSQUGE
ZKSQUGEI
ZKSQUGEE
ZKSQUI
ZKSQUIE
ZKSQUIEG
ZKSQUIEE
ZKSQUIG
ZKSQUIGE
ZKSQUIGEE
ZKSQUE
ZKSQUEG
ZKSQUEGI
ZKSQUEI
ZKSQUEIG
ZKSQUEE
ZKSQE
ZKSQEU
ZKSQEUG
ZKSQEUGI
ZKSQEUI
ZKSQEUIG
ZKSQEG
ZKSQEGU
ZKSQEGUI
ZKSQEGI
ZKSQEGIU
ZKSQEI
ZKSQEIU
ZKSQEIUG
ZKSQEIG
ZKSQEIGU
ZKSQEE
ZKSU
ZKSUQ
ZKSUQE
ZKSUQEG
ZKSUQEGI
ZKSUQEI
ZKSUQEIG
ZKSUQEE
ZKSUG
ZKSUGI
ZKSUGIE
ZKSUGIEQ
ZKSUGIEE
ZKSUGE
ZKSUGEQ
ZKSUGEI
ZKSUGEE
ZKSUI
ZKSUIE
ZKSUIEQ
ZKSUIEG
ZKSUIEE
ZKSUIG
ZKSUIGE
ZKSUIGEQ
ZKSUIGEE
ZKSUE
ZKSUEQ
ZKSUEG
ZKSUEGI
ZKSUEI
ZKSUEIG
ZKSUEE
ZKSE
ZKSEQ
ZKSEQU
ZKSEQUG
ZKSEQUGI
ZKSEQUI
ZKSEQUIG
ZKSEU
ZKSEUQ
ZKSEUG
ZKSEUGI
ZKSEUI
ZKSEUIG
ZKSEG
ZKSEGU
ZKSEGUQ
ZKSEGUI
ZKSEGI
ZKSEGIU
ZKSEGIUQ
ZKSEI
ZKSEIU
ZKSEIUQ
ZKSEIUG
ZKSEIG
ZKSEIGU
ZKSEIGUQ
ZKSEE
ZKSE
ZKSEE
ZKSEEQ
ZKSEEQU
ZKSEEQUG
ZKSEEQUGI
ZKSEEQUI
ZKSEEQUIG
ZKSEEU
ZKSEEUQ
ZKSEEUG
ZKSEEUGI
ZKSEEUI
ZKSEEUIG
ZKSEEG
ZKSEEGU
ZKSEEGUQ
ZKSEEGUI
ZKSEEGI
ZKSEEGIU
ZKSEEGIUQ
ZKSEEI
ZKSEEIU
ZKSEEIUQ
ZKSEEIUG
ZKSEEIG
ZKSEEIGU
ZKSEEIGUQ
ZKE
ZKES
ZKESQ
ZKESQU
ZKESQUG
ZKESQUGI
ZKESQUI
ZKESQUIG
ZKESU
ZKESUQ
ZKESUG
ZKESUGI
ZKESUI
ZKESUIG
ZKESE
ZKEQ
ZKEQU
ZKEQUG
ZKEQUGI
ZKEQUI
ZKEQUIG
ZKEQUS
ZKEQUSE
ZKEQS
ZKEQSU
ZKEQSUG
ZKEQSUGI
ZKEQSUI
ZKEQSUIG
ZKEQSE
ZKEU
ZKEUQ
ZKEUQS
ZKEUQSE
ZKEUG
ZKEUGI
ZKEUI
ZKEUIG
ZKEUS
ZKEUSQ
ZKEUSE
ZKEG
ZKEGU
ZKEGUQ
ZKEGUQS
ZKEGUQSE
ZKEGUI
ZKEGUS
ZKEGUSQ
ZKEGUSE
ZKEGI
ZKEGIU
ZKEGIUQ
ZKEGIUQS
ZKEGIUQSE
ZKEGIUS
ZKEGIUSQ
ZKEGIUSE
ZKEI
ZKEIU
ZKEIUQ
ZKEIUQS
ZKEIUQSE
ZKEIUG
ZKEIUS
ZKEIUSQ
ZKEIUSE
ZKEIG
ZKEIGU
ZKEIGUQ
ZKEIGUQS
ZKEIGUQSE
ZKEIGUS
ZKEIGUSQ
ZKEIGUSE
ZKEE
ZKEES
ZKEESQ
ZKEESQU
ZKEESQUG
ZKEESQUGI
ZKEESQUI
ZKEESQUIG
ZKEESU
ZKEESUQ
ZKEESUG
ZKEESUGI
ZKEESUI
ZKEESUIG
ZKI
ZKIE
ZKIES
ZKIESQ
ZKIESQU
ZKIESQUG
ZKIESU
ZKIESUQ
ZKIESUG
ZKIESE
ZKIEQ
ZKIEQU
ZKIEQUG
ZKIEQUS
ZKIEQUSE
ZKIEQS
ZKIEQSU
ZKIEQSUG
ZKIEQSE
ZKIEU
ZKIEUQ
ZKIEUQS
ZKIEUQSE
ZKIEUG
ZKIEUS
ZKIEUSQ
ZKIEUSE
ZKIEG
ZKIEGU
ZKIEGUQ
ZKIEGUQS
ZKIEGUQSE
ZKIEGUS
ZKIEGUSQ
ZKIEGUSE
ZKIEE
ZKIEES
ZKIEESQ
ZKIEESQU
ZKIEESQUG
ZKIEESU
ZKIEESUQ
ZKIEESUG
ZKIU
ZKIUQ
ZKIUQE
ZKIUQES
ZKIUQESE
ZKIUQEG
ZKIUQEE
ZKIUQEES
ZKIUQS
ZKIUQSE
ZKIUQSEG
ZKIUQSEE
ZKIUQSE
ZKIUQSEE
ZKIUQSEEG
ZKIUG
ZKIUGE
ZKIUGES
ZKIUGESQ
ZKIUGESE
ZKIUGEQ
ZKIUGEQS
ZKIUGEQSE
ZKIUGEE
ZKIUGEES
ZKIUGEESQ
ZKIUE
ZKIUES
ZKIUESQ
ZKIUESE
ZKIUEQ
ZKIUEQS
ZKIUEQSE
ZKIUEG
ZKIUEE
ZKIUEES
ZKIUEESQ
ZKIUS
ZKIUSQ
ZKIUSQE
ZKIUSQEG
ZKIUSQEE
ZKIUSE
ZKIUSEQ
ZKIUSEG
ZKIUSEE
ZKIUSE
ZKIUSEE
ZKIUSEEQ
ZKIUSEEG
ZKIG
ZKIGU
ZKIGUQ
ZKIGUQE
ZKIGUQES
ZKIGUQESE
ZKIGUQEE
ZKIGUQEES
ZKIGUQS
ZKIGUQSE
ZKIGUQSEE
ZKIGUQSE
ZKIGUQSEE
ZKIGUE
ZKIGUES
ZKIGUESQ
ZKIGUESE
ZKIGUEQ
ZKIGUEQS
ZKIGUEQSE
ZKIGUEE
ZKIGUEES
ZKIGUEESQ
ZKIGUS
ZKIGUSQ
ZKIGUSQE
ZKIGUSQEE
ZKIGUSE
ZKIGUSEQ
ZKIGUSEE
ZKIGUSE
ZKIGUSEE
ZKIGUSEEQ
ZKIGE
ZKIGES
ZKIGESQ
ZKIGESQU
ZKIGESU
ZKIGESUQ
ZKIGESE
ZKIGEQ
ZKIGEQU
ZKIGEQUS
ZKIGEQUSE
ZKIGEQS
ZKIGEQSU
ZKIGEQSE
ZKIGEU
ZKIGEUQ
ZKIGEUQS
ZKIGEUQSE
ZKIGEUS
ZKIGEUSQ
ZKIGEUSE
ZKIGEE
ZKIGEES
ZKIGEESQ
ZKIGEESQU
ZKIGEESU
ZKIGEESUQ
ZE
ZES
ZESQ
ZESQU
ZESQUG
ZESQUGI
ZESQUGIK
ZESQUGIKE
ZESQUI
ZESQUIG
ZESQUIK
ZESQUIKE
ZESU
ZESUQ
ZESUG
ZESUGI
ZESUGIK
ZESUGIKE
ZESUI
ZESUIG
ZESUIK
ZESUIKE
ZESK
ZESKE
ZESKI
ZESKIU
ZESKIUQ
ZESKIUG
ZESKIG
ZESKIGU
ZESKIGUQ
ZESE
ZESEK
ZESEKI
ZESEKIU
ZESEKIUQ
ZESEKIUG
ZESEKIG
ZESEKIGU
ZESEKIGUQ
ZEQ
ZEQU
ZEQUG
ZEQUGI
ZEQUGIK
ZEQUGIKE
ZEQUGIKES
ZEQUGIKS
ZEQUGIKSE
ZEQUI
ZEQUIG
ZEQUIK
ZEQUIKE
ZEQUIKES
ZEQUIKS
ZEQUIKSE
ZEQUS
ZEQUSK
ZEQUSKE
ZEQUSKI
ZEQUSKIG
ZEQUSE
ZEQUSEK
ZEQUSEKI
ZEQUSEKIG
ZEQS
ZEQSU
ZEQSUG
ZEQSUGI
ZEQSUGIK
ZEQSUGIKE
ZEQSUI
ZEQSUIG
ZEQSUIK
ZEQSUIKE
ZEQSK
ZEQSKE
ZEQSKI
ZEQSKIU
ZEQSKIUG
ZEQSKIG
ZEQSKIGU
ZEQSE
ZEQSEK
ZEQSEKI
ZEQSEKIU
ZEQSEKIUG
ZEQSEKIG
ZEQSEKIGU
ZEU
ZEUQ
ZEUQS
ZEUQSK
ZEUQSKE
ZEUQSKI
ZEUQSKIG
ZEUQSE
ZEUQSEK
ZEUQSEKI
ZEUQSEKIG
ZEUG
ZEUGI
ZEUGIK
ZEUGIKE
ZEUGIKES
ZEUGIKESQ
ZEUGIKS
ZEUGIKSQ
ZEUGIKSE
ZEUI
ZEUIG
ZEUIK
ZEUIKE
ZEUIKES
ZEUIKESQ
ZEUIKS
ZEUIKSQ
ZEUIKSE
ZEUS
ZEUSQ
ZEUSK
ZEUSKE
ZEUSKI
ZEUSKIG
ZEUSE
ZEUSEK
ZEUSEKI
ZEUSEKIG
ZEG
ZEGU
ZEGUQ
ZEGUQS
ZEGUQSK
ZEGUQSKE
ZEGUQSKI
ZEGUQSE
ZEGUQSEK
ZEGUQSEKI
ZEGUI
ZEGUIK
ZEGUIKE
ZEGUIKES
ZEGUIKESQ
ZEGUIKS
ZEGUIKSQ
ZEGUIKSE
ZEGUS
ZEGUSQ
ZEGUSK
ZEGUSKE
ZEGUSKI
ZEGUSE
ZEGUSEK
ZEGUSEKI
ZEGI
ZEGIU
ZEGIUQ
ZEGIUQS
ZEGIUQSK
ZEGIUQSKE
ZEGIUQSE
ZEGIUQSEK
ZEGIUS
ZEGIUSQ
ZEGIUSK
ZEGIUSKE
ZEGIUSE
ZEGIUSEK
ZEGIK
ZEGIKE
ZEGIKES
ZEGIKESQ
ZEGIKESQU
ZEGIKESU
ZEGIKESUQ
ZEGIKS
ZEGIKSQ
ZEGIKSQU
ZEGIKSU
ZEGIKSUQ
ZEGIKSE
ZEI
ZEIU
ZEIUQ
ZEIUQS
ZEIUQSK
ZEIUQSKE
ZEIUQSE
ZEIUQSEK
ZEIUG
ZEIUS
ZEIUSQ
ZEIUSK
ZEIUSKE
ZEIUSE
ZEIUSEK
ZEIG
ZEIGU
ZEIGUQ
ZEIGUQS
ZEIGUQSK
ZEIGUQSKE
ZEIGUQSE
ZEIGUQSEK
ZEIGUS
ZEIGUSQ
ZEIGUSK
ZEIGUSKE
ZEIGUSE
ZEIGUSEK
ZEIK
ZEIKE
ZEIKES
ZEIKESQ
ZEIKESQU
ZEIKESQUG
ZEIKESU
ZEIKESUQ
ZEIKESUG
ZEIKS
ZEIKSQ
ZEIKSQU
ZEIKSQUG
ZEIKSU
ZEIKSUQ
ZEIKSUG
ZEIKSE
ZEK
ZEKE
ZEKES
ZEKESQ
ZEKESQU
ZEKESQUG
ZEKESQUGI
ZEKESQUI
ZEKESQUIG
ZEKESU
ZEKESUQ
ZEKESUG
ZEKESUGI
ZEKESUI
ZEKESUIG
ZEKS
ZEKSQ
ZEKSQU
ZEKSQUG
ZEKSQUGI
ZEKSQUI
ZEKSQUIG
ZEKSU
ZEKSUQ
ZEKSUG
ZEKSUGI
ZEKSUI
ZEKSUIG
ZEKSE
ZEKI
ZEKIU
ZEKIUQ
ZEKIUQS
ZEKIUQSE
ZEKIUG
ZEKIUS
ZEKIUSQ
ZEKIUSE
ZEKIG
ZEKIGU
ZEKIGUQ
ZEKIGUQS
ZEKIGUQSE
ZEKIGUS
ZEKIGUSQ
ZEKIGUSE
ZEE
ZEES
ZEESQ
ZEESQU
ZEESQUG
ZEESQUGI
ZEESQUGIK
ZEESQUI
ZEESQUIG
ZEESQUIK
ZEESU
ZEESUQ
ZEESUG
ZEESUGI
ZEESUGIK
ZEESUI
ZEESUIG
ZEESUIK
ZEESK
ZEESKI
ZEESKIU
ZEESKIUQ
ZEESKIUG
ZEESKIG
ZEESKIGU
ZEESKIGUQ
ZEEK
ZEEKS
ZEEKSQ
ZEEKSQU
ZEEKSQUG
ZEEKSQUGI
ZEEKSQUI
ZEEKSQUIG
ZEEKSU
ZEEKSUQ
ZEEKSUG
ZEEKSUGI
ZEEKSUI
ZEEKSUIG
ZEEKI
ZEEKIU
ZEEKIUQ
ZEEKIUQS
ZEEKIUG
ZEEKIUS
ZEEKIUSQ
ZEEKIG
ZEEKIGU
ZEEKIGUQ
ZEEKIGUQS
ZEEKIGUS
ZEEKIGUSQ
ZI
ZIE
ZIES
ZIESQ
ZIESQU
ZIESQUG
ZIESU
ZIESUQ
ZIESUG
ZIESK
ZIESKE
ZIESE
ZIESEK
ZIEQ
ZIEQU
ZIEQUG
ZIEQUS
ZIEQUSK
ZIEQUSKE
ZIEQUSE
ZIEQUSEK
ZIEQS
ZIEQSU
ZIEQSUG
ZIEQSK
ZIEQSKE
ZIEQSE
ZIEQSEK
ZIEU
ZIEUQ
ZIEUQS
ZIEUQSK
ZIEUQSKE
ZIEUQSE
ZIEUQSEK
ZIEUG
ZIEUS
ZIEUSQ
ZIEUSK
ZIEUSKE
ZIEUSE
ZIEUSEK
ZIEG
ZIEGU
ZIEGUQ
ZIEGUQS
ZIEGUQSK
ZIEGUQSKE
ZIEGUQSE
ZIEGUQSEK
ZIEGUS
ZIEGUSQ
ZIEGUSK
ZIEGUSKE
ZIEGUSE
ZIEGUSEK
ZIEK
ZIEKE
ZIEKES
ZIEKESQ
ZIEKESQU
ZIEKESQUG
ZIEKESU
ZIEKESUQ
ZIEKESUG
ZIEKS
ZIEKSQ
ZIEKSQU
ZIEKSQUG
ZIEKSU
ZIEKSUQ
ZIEKSUG
ZIEKSE
ZIEE
ZIEES
ZIEESQ
ZIEESQU
ZIEESQUG
ZIEESU
ZIEESUQ
ZIEESUG
ZIEESK
ZIEEK
ZIEEKS
ZIEEKSQ
ZIEEKSQU
ZIEEKSQUG
ZIEEKSU
ZIEEKSUQ
ZIEEKSUG
ZIU
ZIUQ
ZIUQE
ZIUQES
ZIUQESK
ZIUQESKE
ZIUQESE
ZIUQESEK
ZIUQEG
ZIUQEK
ZIUQEKE
ZIUQEKES
ZIUQEKS
ZIUQEKSE
ZIUQEE
ZIUQEES
ZIUQEESK
ZIUQEEK
ZIUQEEKS
ZIUQS
ZIUQSE
ZIUQSEG
ZIUQSEK
ZIUQSEKE
ZIUQSEE
ZIUQSEEK
ZIUQSK
ZIUQSKE
ZIUQSKEE
ZIUQSKEEG
ZIUQSKE
ZIUQSKEG
ZIUQSKEE
ZIUQSE
ZIUQSEE
ZIUQSEEG
ZIUQSEEK
ZIUQSEK
ZIUQSEKE
ZIUQSEKEG
ZIUG
ZIUGE
ZIUGES
ZIUGESQ
ZIUGESK
ZIUGESKE
ZIUGESE
ZIUGESEK
ZIUGEQ
ZIUGEQS
ZIUGEQSK
ZIUGEQSKE
ZIUGEQSE
ZIUGEQSEK
ZIUGEK
ZIUGEKE
ZIUGEKES
ZIUGEKESQ
ZIUGEKS
ZIUGEKSQ
ZIUGEKSE
ZIUGEE
ZIUGEES
ZIUGEESQ
ZIUGEESK
ZIUGEEK
ZIUGEEKS
ZIUGEEKSQ
ZIUE
ZIUES
ZIUESQ
ZIUESK
ZIUESKE
ZIUESE
ZIUESEK
ZIUEQ
ZIUEQS
ZIUEQSK
ZIUEQSKE
ZIUEQSE
ZIUEQSEK
ZIUEG
ZIUEK
ZIUEKE
ZIUEKES
ZIUEKESQ
ZIUEKS
ZIUEKSQ
ZIUEKSE
ZIUEE
ZIUEES
ZIUEESQ
ZIUEESK
ZIUEEK
ZIUEEKS
ZIUEEKSQ
ZIUS
ZIUSQ
ZIUSQE
ZIUSQEG
ZIUSQEK
ZIUSQEKE
ZIUSQEE
ZIUSQEEK
ZIUSE
ZIUSEQ
ZIUSEG
ZIUSEK
ZIUSEKE
ZIUSEE
ZIUSEEK
ZIUSK
ZIUSKE
ZIUSKEE
ZIUSKEEQ
ZIUSKEEG
ZIUSKE
ZIUSKEQ
ZIUSKEG
ZIUSKEE
ZIUSE
ZIUSEE
ZIUSEEQ
ZIUSEEG
ZIUSEEK
ZIUSEK
ZIUSEKE
ZIUSEKEQ
ZIUSEKEG
ZIG
ZIGU
ZIGUQ
ZIGUQE
ZIGUQES
ZIGUQESK
ZIGUQESKE
ZIGUQESE
ZIGUQESEK
ZIGUQEK
ZIGUQEKE
ZIGUQEKES
ZIGUQEKS
ZIGUQEKSE
ZIGUQEE
ZIGUQEES
ZIGUQEESK
ZIGUQEEK
ZIGUQEEKS
ZIGUQS
ZIGUQSE
ZIGUQSEK
ZIGUQSEKE
ZIGUQSEE
ZIGUQSEEK
ZIGUQSK
ZIGUQSKE
ZIGUQSKEE
ZIGUQSKE
ZIGUQSKEE
ZIGUQSE
ZIGUQSEE
ZIGUQSEEK
ZIGUQSEK
ZIGUQSEKE
ZIGUE
ZIGUES
ZIGUESQ
ZIGUESK
ZIGUESKE
ZIGUESE
ZIGUESEK
ZIGUEQ
ZIGUEQS
ZIGUEQSK
ZIGUEQSKE
ZIGUEQSE
ZIGUEQSEK
ZIGUEK
ZIGUEKE
ZIGUEKES
ZIGUEKESQ
ZIGUEKS
ZIGUEKSQ
ZIGUEKSE
ZIGUEE
ZIGUEES
ZIGUEESQ
ZIGUEESK
ZIGUEEK
ZIGUEEKS
ZIGUEEKSQ
ZIGUS
ZIGUSQ
ZIGUSQE
ZIGUSQEK
ZIGUSQEKE
ZIGUSQEE
ZIGUSQEEK
ZIGUSE
ZIGUSEQ
ZIGUSEK
ZIGUSEKE
ZIGUSEE
ZIGUSEEK
ZIGUSK
ZIGUSKE
ZIGUSKEE
ZIGUSKEEQ
ZIGUSKE
ZIGUSKEQ
ZIGUSKEE
ZIGUSE
ZIGUSEE
ZIGUSEEQ
ZIGUSEEK
ZIGUSEK
ZIGUSEKE
ZIGUSEKEQ
ZIGE
ZIGES
ZIGESQ
ZIGESQU
ZIGESU
ZIGESUQ
ZIGESK
ZIGESKE
ZIGESE
ZIGESEK
ZIGEQ
ZIGEQU
ZIGEQUS
ZIGEQUSK
ZIGEQUSKE
ZIGEQUSE
ZIGEQUSEK
ZIGEQS
ZIGEQSU
ZIGEQSK
ZIGEQSKE
ZIGEQSE
ZIGEQSEK
ZIGEU
ZIGEUQ
ZIGEUQS
ZIGEUQSK
ZIGEUQSKE
ZIGEUQSE
ZIGEUQSEK
ZIGEUS
ZIGEUSQ
ZIGEUSK
ZIGEUSKE
ZIGEUSE
ZIGEUSEK
ZIGEK
ZIGEKE
ZIGEKES
ZIGEKESQ
ZIGEKESQU
ZIGEKESU
ZIGEKESUQ
ZIGEKS
ZIGEKSQ
ZIGEKSQU
ZIGEKSU
ZIGEKSUQ
ZIGEKSE
ZIGEE
ZIGEES
ZIGEESQ
ZIGEESQU
ZIGEESU
ZIGEESUQ
ZIGEESK
ZIGEEK
ZIGEEKS
ZIGEEKSQ
ZIGEEKSQU
ZIGEEKSU
ZIGEEKSUQ
ZIK
ZIKE
ZIKES
ZIKESQ
ZIKESQU
ZIKESQUG
ZIKESQUGE
ZIKESQUE
ZIKESQUEG
ZIKESQE
ZIKESQEU
ZIKESQEUG
ZIKESQEG
ZIKESQEGU
ZIKESU
ZIKESUQ
ZIKESUQE
ZIKESUQEG
ZIKESUG
ZIKESUGE
ZIKESUGEQ
ZIKESUE
ZIKESUEQ
ZIKESUEG
ZIKESE
ZIKESEQ
ZIKESEQU
ZIKESEQUG
ZIKESEU
ZIKESEUQ
ZIKESEUG
ZIKESEG
ZIKESEGU
ZIKESEGUQ
ZIKEE
ZIKEES
ZIKEESQ
ZIKEESQU
ZIKEESQUG
ZIKEESU
ZIKEESUQ
ZIKEESUG
ZIKEEQ
ZIKEEQU
ZIKEEQUG
ZIKEEQUS
ZIKEEQS
ZIKEEQSU
ZIKEEQSUG
ZIKEEU
ZIKEEUQ
ZIKEEUQS
ZIKEEUG
ZIKEEUS
ZIKEEUSQ
ZIKEEG
ZIKEEGU
ZIKEEGUQ
ZIKEEGUQS
ZIKEEGUS
ZIKEEGUSQ
ZIKS
ZIKSQ
ZIKSQU
ZIKSQUG
ZIKSQUGE
ZIKSQUGEE
ZIKSQUE
ZIKSQUEG
ZIKSQUEE
ZIKSQE
ZIKSQEU
ZIKSQEUG
ZIKSQEG
ZIKSQEGU
ZIKSQEE
ZIKSU
ZIKSUQ
ZIKSUQE
ZIKSUQEG
ZIKSUQEE
ZIKSUG
ZIKSUGE
ZIKSUGEQ
ZIKSUGEE
ZIKSUE
ZIKSUEQ
ZIKSUEG
ZIKSUEE
ZIKSE
ZIKSEQ
ZIKSEQU
ZIKSEQUG
ZIKSEU
ZIKSEUQ
ZIKSEUG
ZIKSEG
ZIKSEGU
ZIKSEGUQ
ZIKSEE
ZIKSE
ZIKSEE
ZIKSEEQ
ZIKSEEQU
ZIKSEEQUG
ZIKSEEU
ZIKSEEUQ
ZIKSEEUG
ZIKSEEG
ZIKSEEGU
ZIKSEEGUQ
ZIKE
ZIKES
ZIKESQ
ZIKESQU
ZIKESQUG
ZIKESU
ZIKESUQ
ZIKESUG
ZIKESE
ZIKEQ
ZIKEQU
ZIKEQUG
ZIKEQUS
ZIKEQUSE
ZIKEQS
ZIKEQSU
ZIKEQSUG
ZIKEQSE
ZIKEU
ZIKEUQ
ZIKEUQS
ZIKEUQSE
ZIKEUG
ZIKEUS
ZIKEUSQ
ZIKEUSE
ZIKEG
ZIKEGU
ZIKEGUQ
ZIKEGUQS
ZIKEGUQSE
ZIKEGUS
ZIKEGUSQ
ZIKEGUSE
ZIKEE
ZIKEES
ZIKEESQ
ZIKEESQU
ZIKEESQUG
ZIKEESU
ZIKEESUQ
ZIKEESUG
U
UQ
UQE
UQES
UQESK
UQESKE
UQESKI
UQESKIG
UQESKIZ
UQESKZ
UQESKZI
UQESKZIG
UQESE
UQESEK
UQESEKI
UQESEKIG
UQESEKIZ
UQESEKZ
UQESEKZI
UQESEKZIG
UQEG
UQEGI
UQEGIZ
UQEGIZK
UQEGIZKE
UQEGIZKES
UQEGIZKS
UQEGIZKSE
UQEGIK
UQEGIKE
UQEGIKES
UQEGIKS
UQEGIKSE
UQEGIKZ
UQEI
UQEIG
UQEIZ
UQEIZK
UQEIZKE
UQEIZKES
UQEIZKS
UQEIZKSE
UQEIK
UQEIKE
UQEIKES
UQEIKS
UQEIKSE
UQEIKZ
UQEZ
UQEZK
UQEZKE
UQEZKES
UQEZKS
UQEZKSE
UQEZKI
UQEZKIG
UQEZI
UQEZIG
UQEZIK
UQEZIKE
UQEZIKES
UQEZIKS
UQEZIKSE
UQEK
UQEKE
UQEKES
UQEKS
UQEKSE
UQEKI
UQEKIG
UQEKIZ
UQEKZ
UQEKZI
UQEKZIG
UQEE
UQEES
UQEESK
UQEESKI
UQEESKIG
UQEESKIZ
UQEESKZ
UQEESKZI
UQEESKZIG
UQEEK
UQEEKS
UQEEKI
UQEEKIG
UQEEKIZ
UQEEKZ
UQEEKZI
UQEEKZIG
UQS
UQSE
UQSEG
UQSEGI
UQSEGIZ
UQSEGIZK
UQSEGIZKE
UQSEGIK
UQSEGIKE
UQSEGIKZ
UQSEI
UQSEIG
UQSEIZ
UQSEIZK
UQSEIZKE
UQSEIK
UQSEIKE
UQSEIKZ
UQSEZ
UQSEZK
UQSEZKE
UQSEZKI
UQSEZKIG
UQSEZI
UQSEZIG
UQSEZIK
UQSEZIKE
UQSEK
UQSEKE
UQSEKI
UQSEKIG
UQSEKIZ
UQSEKZ
UQSEKZI
UQSEKZIG
UQSEE
UQSEEK
UQSEEKI
UQSEEKIG
UQSEEKIZ
UQSEEKZ
UQSEEKZI
UQSEEKZIG
UQSK
UQSKE
UQSKEE
UQSKEEG
UQSKEEGI
UQSKEEGIZ
UQSKEEI
UQSKEEIG
UQSKEEIZ
UQSKEEZ
UQSKEEZI
UQSKEEZIG
UQSKE
UQSKEG
UQSKEGI
UQSKEGIZ
UQSKEI
UQSKEIG
UQSKEIZ
UQSKEZ
UQSKEZI
UQSKEZIG
UQSKEE
UQSKI
UQSKIE
UQSKIEG
UQSKIEZ
UQSKIEE
UQSKIG
UQSKIGE
UQSKIGEZ
UQSKIGEE
UQSKIZ
UQSKIZE
UQSKIZEG
UQSKIZEE
UQSKZ
UQSKZE
UQSKZEG
UQSKZEGI
UQSKZEI
UQSKZEIG
UQSKZEE
UQSKZI
UQSKZIE
UQSKZIEG
UQSKZIEE
UQSKZIG
UQSKZIGE
UQSKZIGEE
UQSE
UQSEE
UQSEEG
UQSEEGI
UQSEEGIZ
UQSEEGIZK
UQSEEGIK
UQSEEGIKZ
UQSEEI
UQSEEIG
UQSEEIZ
UQSEEIZK
UQSEEIK
UQSEEIKZ
UQSEEZ
UQSEEZK
UQSEEZKI
UQSEEZKIG
UQSEEZI
UQSEEZIG
UQSEEZIK
UQSEEK
UQSEEKI
UQSEEKIG
UQSEEKIZ
UQSEEKZ
UQSEEKZI
UQSEEKZIG
UQSEK
UQSEKE
UQSEKEG
UQSEKEGI
UQSEKEGIZ
UQSEKEI
UQSEKEIG
UQSEKEIZ
UQSEKEZ
UQSEKEZI
UQSEKEZIG
UQSEKI
UQSEKIE
UQSEKIEG
UQSEKIEZ
UQSEKIG
UQSEKIGE
UQSEKIGEZ
UQSEKIZ
UQSEKIZE
UQSEKIZEG
UQSEKZ
UQSEKZE
UQSEKZEG
UQSEKZEGI
UQSEKZEI
UQSEKZEIG
UQSEKZI
UQSEKZIE
UQSEKZIEG
UQSEKZIG
UQSEKZIGE
UG
UGI
UGIE
UGIES
UGIESQ
UGIESK
UGIESKE
UGIESKZ
UGIESE
UGIESEK
UGIESEKZ
UGIEQ
UGIEQS
UGIEQSK
UGIEQSKE
UGIEQSKZ
UGIEQSE
UGIEQSEK
UGIEQSEKZ
UGIEZ
UGIEZK
UGIEZKE
UGIEZKES
UGIEZKESQ
UGIEZKS
UGIEZKSQ
UGIEZKSE
UGIEK
UGIEKE
UGIEKES
UGIEKESQ
UGIEKS
UGIEKSQ
UGIEKSE
UGIEKZ
UGIEE
UGIEES
UGIEESQ
UGIEESK
UGIEESKZ
UGIEEK
UGIEEKS
UGIEEKSQ
UGIEEKZ
UGIZ
UGIZK
UGIZKE
UGIZKES
UGIZKESQ
UGIZKESQE
UGIZKESE
UGIZKESEQ
UGIZKEE
UGIZKEES
UGIZKEESQ
UGIZKEEQ
UGIZKEEQS
UGIZKS
UGIZKSQ
UGIZKSQE
UGIZKSQEE
UGIZKSE
UGIZKSEQ
UGIZKSEE
UGIZKSE
UGIZKSEE
UGIZKSEEQ
UGIZKE
UGIZKES
UGIZKESQ
UGIZKESE
UGIZKEQ
UGIZKEQS
UGIZKEQSE
UGIZKEE
UGIZKEES
UGIZKEESQ
UGIZE
UGIZES
UGIZESQ
UGIZESK
UGIZESKE
UGIZESE
UGIZESEK
UGIZEQ
UGIZEQS
UGIZEQSK
UGIZEQSKE
UGIZEQSE
UGIZEQSEK
UGIZEK
UGIZEKE
UGIZEKES
UGIZEKESQ
UGIZEKS
UGIZEKSQ
UGIZEKSE
UGIZEE
UGIZEES
UGIZEESQ
UGIZEESK
UGIZEEK
UGIZEEKS
UGIZEEKSQ
UGIK
UGIKE
UGIKES
UGIKESQ
UGIKESQE
UGIKESQEZ
UGIKESE
UGIKESEQ
UGIKESEZ
UGIKEE
UGIKEES
UGIKEESQ
UGIKEEQ
UGIKEEQS
UGIKEEZ
UGIKS
UGIKSQ
UGIKSQE
UGIKSQEZ
UGIKSQEE
UGIKSE
UGIKSEQ
UGIKSEZ
UGIKSEE
UGIKSE
UGIKSEE
UGIKSEEQ
UGIKSEEZ
UGIKE
UGIKES
UGIKESQ
UGIKESE
UGIKEQ
UGIKEQS
UGIKEQSE
UGIKEZ
UGIKEE
UGIKEES
UGIKEESQ
UGIKZ
UGIKZE
UGIKZES
UGIKZESQ
UGIKZESE
UGIKZEQ
UGIKZEQS
UGIKZEQSE
UGIKZEE
UGIKZEES
UGIKZEESQ
UGE
UGES
UGESQ
UGESK
UGESKE
UGESKI
UGESKIZ
UGESKZ
UGESKZI
UGESE
UGESEK
UGESEKI
UGESEKIZ
UGESEKZ
UGESEKZI
UGEQ
UGEQS
UGEQSK
UGEQSKE
UGEQSKI
UGEQSKIZ
UGEQSKZ
UGEQSKZI
UGEQSE
UGEQSEK
UGEQSEKI
UGEQSEKIZ
UGEQSEKZ
UGEQSEKZI
UGEI
UGEIZ
UGEIZK
UGEIZKE
UGEIZKES
UGEIZKESQ
UGEIZKS
UGEIZKSQ
UGEIZKSE
UGEIK
UGEIKE
UGEIKES
UGEIKESQ
UGEIKS
UGEIKSQ
UGEIKSE
UGEIKZ
UGEZ
UGEZK
UGEZKE
UGEZKES
UGEZKESQ
UGEZKS
UGEZKSQ
UGEZKSE
UGEZKI
UGEZI
UGEZIK
UGEZIKE
UGEZIKES
UGEZIKESQ
UGEZIKS
UGEZIKSQ
UGEZIKSE
UGEK
UGEKE
UGEKES
UGEKESQ
UGEKS
UGEKSQ
UGEKSE
UGEKI
UGEKIZ
UGEKZ
UGEKZI
UGEE
UGEES
UGEESQ
UGEESK
UGEESKI
UGEESKIZ
UGEESKZ
UGEESKZI
UGEEK
UGEEKS
UGEEKSQ
UGEEKI
UGEEKIZ
UGEEKZ
UGEEKZI
UI
UIE
UIES
UIESQ
UIESK
UIESKE
UIESKZ
UIESE
UIESEK
UIESEKZ
UIEQ
UIEQS
UIEQSK
UIEQSKE
UIEQSKZ
UIEQSE
UIEQSEK
UIEQSEKZ
UIEG
UIEZ
UIEZK
UIEZKE
UIEZKES
UIEZKESQ
UIEZKS
UIEZKSQ
UIEZKSE
UIEK
UIEKE
UIEKES
UIEKESQ
UIEKS
UIEKSQ
UIEKSE
UIEKZ
UIEE
UIEES
UIEESQ
UIEESK
UIEESKZ
UIEEK
UIEEKS
UIEEKSQ
UIEEKZ
UIG
UIGE
UIGES
UIGESQ
UIGESK
UIGESKE
UIGESKZ
UIGESE
UIGESEK
UIGESEKZ
UIGEQ
UIGEQS
UIGEQSK
UIGEQSKE
UIGEQSKZ
UIGEQSE
UIGEQSEK
UIGEQSEKZ
UIGEZ
UIGEZK
UIGEZKE
UIGEZKES
UIGEZKESQ
UIGEZKS
UIGEZKSQ
UIGEZKSE
UIGEK
UIGEKE
UIGEKES
UIGEKESQ
UIGEKS
UIGEKSQ
UIGEKSE
UIGEKZ
UIGEE
UIGEES
UIGEESQ
UIGEESK
UIGEESKZ
UIGEEK
UIGEEKS
UIGEEKSQ
UIGEEKZ
UIZ
UIZK
UIZKE
UIZKES
UIZKESQ
UIZKESQE
UIZKESQEG
UIZKESE
UIZKESEQ
UIZKESEG
UIZKEE
UIZKEES
UIZKEESQ
UIZKEEQ
UIZKEEQS
UIZKEEG
UIZKS
UIZKSQ
UIZKSQE
UIZKSQEG
UIZKSQEE
UIZKSE
UIZKSEQ
UIZKSEG
UIZKSEE
UIZKSE
UIZKSEE
UIZKSEEQ
UIZKSEEG
UIZKE
UIZKES
UIZKESQ
UIZKESE
UIZKEQ
UIZKEQS
UIZKEQSE
UIZKEG
UIZKEE
UIZKEES
UIZKEESQ
UIZE
UIZES
UIZESQ
UIZESK
UIZESKE
UIZESE
UIZESEK
UIZEQ
UIZEQS
UIZEQSK
UIZEQSKE
UIZEQSE
UIZEQSEK
UIZEG
UIZEK
UIZEKE
UIZEKES
UIZEKESQ
UIZEKS
UIZEKSQ
UIZEKSE
UIZEE
UIZEES
UIZEESQ
UIZEESK
UIZEEK
UIZEEKS
UIZEEKSQ
UIK
UIKE
UIKES
UIKESQ
UIKESQE
UIKESQEG
UIKESQEZ
UIKESE
UIKESEQ
UIKESEG
UIKESEZ
UIKEE
UIKEES
UIKEESQ
UIKEEQ
UIKEEQS
UIKEEG
UIKEEZ
UIKS
UIKSQ
UIKSQE
UIKSQEG
UIKSQEZ
UIKSQEE
UIKSE
UIKSEQ
UIKSEG
UIKSEZ
UIKSEE
UIKSE
UIKSEE
UIKSEEQ
UIKSEEG
UIKSEEZ
UIKE
UIKES
UIKESQ
UIKESE
UIKEQ
UIKEQS
UIKEQSE
UIKEG
UIKEZ
UIKEE
UIKEES
UIKEESQ
UIKZ
UIKZE
UIKZES
UIKZESQ
UIKZESE
UIKZEQ
UIKZEQS
UIKZEQSE
UIKZEG
UIKZEE
UIKZEES
UIKZEESQ
UE
UES
UESQ
UESK
UESKE
UESKI
UESKIG
UESKIZ
UESKZ
UESKZI
UESKZIG
UESE
UESEK
UESEKI
UESEKIG
UESEKIZ
UESEKZ
UESEKZI
UESEKZIG
UEQ
UEQS
UEQSK
UEQSKE
UEQSKI
UEQSKIG
UEQSKIZ
UEQSKZ
UEQSKZI
UEQSKZIG
UEQSE
UEQSEK
UEQSEKI
UEQSEKIG
UEQSEKIZ
UEQSEKZ
UEQSEKZI
UEQSEKZIG
UEG
UEGI
UEGIZ
UEGIZK
UEGIZKE
UEGIZKES
UEGIZKESQ
UEGIZKS
UEGIZKSQ
UEGIZKSE
UEGIK
UEGIKE
UEGIKES
UEGIKESQ
UEGIKS
UEGIKSQ
UEGIKSE
UEGIKZ
UEI
UEIG
UEIZ
UEIZK
UEIZKE
UEIZKES
UEIZKESQ
UEIZKS
UEIZKSQ
UEIZKSE
UEIK
UEIKE
UEIKES
UEIKESQ
UEIKS
UEIKSQ
UEIKSE
UEIKZ
UEZ
UEZK
UEZKE
UEZKES
UEZKESQ
UEZKS
UEZKSQ
UEZKSE
UEZKI
UEZKIG
UEZI
UEZIG
UEZIK
UEZIKE
UEZIKES
UEZIKESQ
UEZIKS
UEZIKSQ
UEZIKSE
UEK
UEKE
UEKES
UEKESQ
UEKS
UEKSQ
UEKSE
UEKI
UEKIG
UEKIZ
UEKZ
UEKZI
UEKZIG
UEE
UEES
UEESQ
UEESK
UEESKI
UEESKIG
UEESKIZ
UEESKZ
UEESKZI
UEESKZIG
UEEK
UEEKS
UEEKSQ
UEEKI
UEEKIG
UEEKIZ
UEEKZ
UEEKZI
UEEKZIG
US
USQ
USQE
USQEG
USQEGI
USQEGIZ
USQEGIZK
USQEGIZKE
USQEGIK
USQEGIKE
USQEGIKZ
USQEI
USQEIG
USQEIZ
USQEIZK
USQEIZKE
USQEIK
USQEIKE
USQEIKZ
USQEZ
USQEZK
USQEZKE
USQEZKI
USQEZKIG
USQEZI
USQEZIG
USQEZIK
USQEZIKE
USQEK
USQEKE
USQEKI
USQEKIG
USQEKIZ
USQEKZ
USQEKZI
USQEKZIG
USQEE
USQEEK
USQEEKI
USQEEKIG
USQEEKIZ
USQEEKZ
USQEEKZI
USQEEKZIG
USE
USEQ
USEG
USEGI
USEGIZ
USEGIZK
USEGIZKE
USEGIK
USEGIKE
USEGIKZ
USEI
USEIG
USEIZ
USEIZK
USEIZKE
USEIK
USEIKE
USEIKZ
USEZ
USEZK
USEZKE
USEZKI
USEZKIG
USEZI
USEZIG
USEZIK
USEZIKE
USEK
USEKE
USEKI
USEKIG
USEKIZ
USEKZ
USEKZI
USEKZIG
USEE
USEEK
USEEKI
USEEKIG
USEEKIZ
USEEKZ
USEEKZI
USEEKZIG
USK
USKE
USKEE
USKEEQ
USKEEG
USKEEGI
USKEEGIZ
USKEEI
USKEEIG
USKEEIZ
USKEEZ
USKEEZI
USKEEZIG
USKE
USKEQ
USKEG
USKEGI
USKEGIZ
USKEI
USKEIG
USKEIZ
USKEZ
USKEZI
USKEZIG
USKEE
USKI
USKIE
USKIEQ
USKIEG
USKIEZ
USKIEE
USKIG
USKIGE
USKIGEQ
USKIGEZ
USKIGEE
USKIZ
USKIZE
USKIZEQ
USKIZEG
USKIZEE
USKZ
USKZE
USKZEQ
USKZEG
USKZEGI
USKZEI
USKZEIG
USKZEE
USKZI
USKZIE
USKZIEQ
USKZIEG
USKZIEE
USKZIG
USKZIGE
USKZIGEQ
USKZIGEE
USE
USEE
USEEQ
USEEG
USEEGI
USEEGIZ
USEEGIZK
USEEGIK
USEEGIKZ
USEEI
USEEIG
USEEIZ
USEEIZK
USEEIK
USEEIKZ
USEEZ
USEEZK
USEEZKI
USEEZKIG
USEEZI
USEEZIG
USEEZIK
USEEK
USEEKI
USEEKIG
USEEKIZ
USEEKZ
USEEKZI
USEEKZIG
USEK
USEKE
USEKEQ
USEKEG
USEKEGI
USEKEGIZ
USEKEI
USEKEIG
USEKEIZ
USEKEZ
USEKEZI
USEKEZIG
USEKI
USEKIE
USEKIEQ
USEKIEG
USEKIEZ
USEKIG
USEKIGE
USEKIGEQ
USEKIGEZ
USEKIZ
USEKIZE
USEKIZEQ
USEKIZEG
USEKZ
USEKZE
USEKZEQ
USEKZEG
USEKZEGI
USEKZEI
USEKZEIG
USEKZI
USEKZIE
USEKZIEQ
USEKZIEG
USEKZIG
USEKZIGE
USEKZIGEQ
E
ES
ESQ
ESQU
ESQUG
ESQUGI
ESQUGIZ
ESQUGIZK
ESQUGIZKE
ESQUGIK
ESQUGIKE
ESQUGIKZ
ESQUI
ESQUIG
ESQUIZ
ESQUIZK
ESQUIZKE
ESQUIK
ESQUIKE
ESQUIKZ
ESU
ESUQ
ESUG
ESUGI
ESUGIZ
ESUGIZK
ESUGIZKE
ESUGIK
ESUGIKE
ESUGIKZ
ESUI
ESUIG
ESUIZ
ESUIZK
ESUIZKE
ESUIK
ESUIKE
ESUIKZ
ESK
ESKE
ESKI
ESKIU
ESKIUQ
ESKIUG
ESKIG
ESKIGU
ESKIGUQ
ESKIZ
ESKZ
ESKZI
ESKZIU
ESKZIUQ
ESKZIUG
ESKZIG
ESKZIGU
ESKZIGUQ
ESE
ESEK
ESEKI
ESEKIU
ESEKIUQ
ESEKIUG
ESEKIG
ESEKIGU
ESEKIGUQ
ESEKIZ
ESEKZ
ESEKZI
ESEKZIU
ESEKZIUQ
ESEKZIUG
ESEKZIG
ESEKZIGU
ESEKZIGUQ
EQ
EQU
EQUG
EQUGI
EQUGIZ
EQUGIZK
EQUGIZKE
EQUGIZKES
EQUGIZKS
EQUGIZKSE
EQUGIK
EQUGIKE
EQUGIKES
EQUGIKS
EQUGIKSE
EQUGIKZ
EQUI
EQUIG
EQUIZ
EQUIZK
EQUIZKE
EQUIZKES
EQUIZKS
EQUIZKSE
EQUIK
EQUIKE
EQUIKES
EQUIKS
EQUIKSE
EQUIKZ
EQUS
EQUSK
EQUSKE
EQUSKI
EQUSKIG
EQUSKIZ
EQUSKZ
EQUSKZI
EQUSKZIG
EQUSE
EQUSEK
EQUSEKI
EQUSEKIG
EQUSEKIZ
EQUSEKZ
EQUSEKZI
EQUSEKZIG
EQS
EQSU
EQSUG
EQSUGI
EQSUGIZ
EQSUGIZK
EQSUGIZKE
EQSUGIK
EQSUGIKE
EQSUGIKZ
EQSUI
EQSUIG
EQSUIZ
EQSUIZK
EQSUIZKE
EQSUIK
EQSUIKE
EQSUIKZ
EQSK
EQSKE
EQSKI
EQSKIU
EQSKIUG
EQSKIG
EQSKIGU
EQSKIZ
EQSKZ
EQSKZI
EQSKZIU
EQSKZIUG
EQSKZIG
EQSKZIGU
EQSE
EQSEK
EQSEKI
EQSEKIU
EQSEKIUG
EQSEKIG
EQSEKIGU
EQSEKIZ
EQSEKZ
EQSEKZI
EQSEKZIU
EQSEKZIUG
EQSEKZIG
EQSEKZIGU
EU
EUQ
EUQS
EUQSK
EUQSKE
EUQSKI
EUQSKIG
EUQSKIZ
EUQSKZ
EUQSKZI
EUQSKZIG
EUQSE
EUQSEK
EUQSEKI
EUQSEKIG
EUQSEKIZ
EUQSEKZ
EUQSEKZI
EUQSEKZIG
EUG
EUGI
EUGIZ
EUGIZK
EUGIZKE
EUGIZKES
EUGIZKESQ
EUGIZKS
EUGIZKSQ
EUGIZKSE
EUGIK
EUGIKE
EUGIKES
EUGIKESQ
EUGIKS
EUGIKSQ
EUGIKSE
EUGIKZ
EUI
EUIG
EUIZ
EUIZK
EUIZKE
EUIZKES
EUIZKESQ
EUIZKS
EUIZKSQ
EUIZKSE
EUIK
EUIKE
EUIKES
EUIKESQ
EUIKS
EUIKSQ
EUIKSE
EUIKZ
EUS
EUSQ
EUSK
EUSKE
EUSKI
EUSKIG
EUSKIZ
EUSKZ
EUSKZI
EUSKZIG
EUSE
EUSEK
EUSEKI
EUSEKIG
EUSEKIZ
EUSEKZ
EUSEKZI
EUSEKZIG
EG
EGU
EGUQ
EGUQS
EGUQSK
EGUQSKE
EGUQSKI
EGUQSKIZ
EGUQSKZ
EGUQSKZI
EGUQSE
EGUQSEK
EGUQSEKI
EGUQSEKIZ
EGUQSEKZ
EGUQSEKZI
EGUI
EGUIZ
EGUIZK
EGUIZKE
EGUIZKES
EGUIZKESQ
EGUIZKS
EGUIZKSQ
EGUIZKSE
EGUIK
EGUIKE
EGUIKES
EGUIKESQ
EGUIKS
EGUIKSQ
EGUIKSE
EGUIKZ
EGUS
EGUSQ
EGUSK
EGUSKE
EGUSKI
EGUSKIZ
EGUSKZ
EGUSKZI
EGUSE
EGUSEK
EGUSEKI
EGUSEKIZ
EGUSEKZ
EGUSEKZI
EGI
EGIU
EGIUQ
EGIUQS
EGIUQSK
EGIUQSKE
EGIUQSKZ
EGIUQSE
EGIUQSEK
EGIUQSEKZ
EGIUS
EGIUSQ
EGIUSK
EGIUSKE
EGIUSKZ
EGIUSE
EGIUSEK
EGIUSEKZ
EGIZ
EGIZK
EGIZKE
EGIZKES
EGIZKESQ
EGIZKESQU
EGIZKESU
EGIZKESUQ
EGIZKS
EGIZKSQ
EGIZKSQU
EGIZKSU
EGIZKSUQ
EGIZKSE
EGIK
EGIKE
EGIKES
EGIKESQ
EGIKESQU
EGIKESU
EGIKESUQ
EGIKS
EGIKSQ
EGIKSQU
EGIKSU
EGIKSUQ
EGIKSE
EGIKZ
EI
EIU
EIUQ
EIUQS
EIUQSK
EIUQSKE
EIUQSKZ
EIUQSE
EIUQSEK
EIUQSEKZ
EIUG
EIUS
EIUSQ
EIUSK
EIUSKE
EIUSKZ
EIUSE
EIUSEK
EIUSEKZ
EIG
EIGU
EIGUQ
EIGUQS
EIGUQSK
EIGUQSKE
EIGUQSKZ
EIGUQSE
EIGUQSEK
EIGUQSEKZ
EIGUS
EIGUSQ
EIGUSK
EIGUSKE
EIGUSKZ
EIGUSE
EIGUSEK
EIGUSEKZ
EIZ
EIZK
EIZKE
EIZKES
EIZKESQ
EIZKESQU
EIZKESQUG
EIZKESU
EIZKESUQ
EIZKESUG
EIZKS
EIZKSQ
EIZKSQU
EIZKSQUG
EIZKSU
EIZKSUQ
EIZKSUG
EIZKSE
EIK
EIKE
EIKES
EIKESQ
EIKESQU
EIKESQUG
EIKESU
EIKESUQ
EIKESUG
EIKS
EIKSQ
EIKSQU
EIKSQUG
EIKSU
EIKSUQ
EIKSUG
EIKSE
EIKZ
EZ
EZK
EZKE
EZKES
EZKESQ
EZKESQU
EZKESQUG
EZKESQUGI
EZKESQUI
EZKESQUIG
EZKESU
EZKESUQ
EZKESUG
EZKESUGI
EZKESUI
EZKESUIG
EZKS
EZKSQ
EZKSQU
EZKSQUG
EZKSQUGI
EZKSQUI
EZKSQUIG
EZKSU
EZKSUQ
EZKSUG
EZKSUGI
EZKSUI
EZKSUIG
EZKSE
EZKI
EZKIU
EZKIUQ
EZKIUQS
EZKIUQSE
EZKIUG
EZKIUS
EZKIUSQ
EZKIUSE
EZKIG
EZKIGU
EZKIGUQ
EZKIGUQS
EZKIGUQSE
EZKIGUS
EZKIGUSQ
EZKIGUSE
EZI
EZIU
EZIUQ
EZIUQS
EZIUQSK
EZIUQSKE
EZIUQSE
EZIUQSEK
EZIUG
EZIUS
EZIUSQ
EZIUSK
EZIUSKE
EZIUSE
EZIUSEK
EZIG
EZIGU
EZIGUQ
EZIGUQS
EZIGUQSK
EZIGUQSKE
EZIGUQSE
EZIGUQSEK
EZIGUS
EZIGUSQ
EZIGUSK
EZIGUSKE
EZIGUSE
EZIGUSEK
EZIK
EZIKE
EZIKES
EZIKESQ
EZIKESQU
EZIKESQUG
EZIKESU
EZIKESUQ
EZIKESUG
EZIKS
EZIKSQ
EZIKSQU
EZIKSQUG
EZIKSU
EZIKSUQ
EZIKSUG
EZIKSE
EK
EKE
EKES
EKESQ
EKESQU
EKESQUG
EKESQUGI
EKESQUGIZ
EKESQUI
EKESQUIG
EKESQUIZ
EKESU
EKESUQ
EKESUG
EKESUGI
EKESUGIZ
EKESUI
EKESUIG
EKESUIZ
EKS
EKSQ
EKSQU
EKSQUG
EKSQUGI
EKSQUGIZ
EKSQUI
EKSQUIG
EKSQUIZ
EKSU
EKSUQ
EKSUG
EKSUGI
EKSUGIZ
EKSUI
EKSUIG
EKSUIZ
EKSE
EKI
EKIU
EKIUQ
EKIUQS
EKIUQSE
EKIUG
EKIUS
EKIUSQ
EKIUSE
EKIG
EKIGU
EKIGUQ
EKIGUQS
EKIGUQSE
EKIGUS
EKIGUSQ
EKIGUSE
EKIZ
EKZ
EKZI
EKZIU
EKZIUQ
EKZIUQS
EKZIUQSE
EKZIUG
EKZIUS
EKZIUSQ
EKZIUSE
EKZIG
EKZIGU
EKZIGUQ
EKZIGUQS
EKZIGUQSE
EKZIGUS
EKZIGUSQ
EKZIGUSE
EE
EES
EESQ
EESQU
EESQUG
EESQUGI
EESQUGIZ
EESQUGIZK
EESQUGIK
EESQUGIKZ
EESQUI
EESQUIG
EESQUIZ
EESQUIZK
EESQUIK
EESQUIKZ
EESU
EESUQ
EESUG
EESUGI
EESUGIZ
EESUGIZK
EESUGIK
EESUGIKZ
EESUI
EESUIG
EESUIZ
EESUIZK
EESUIK
EESUIKZ
EESK
EESKI
EESKIU
EESKIUQ
EESKIUG
EESKIG
EESKIGU
EESKIGUQ
EESKIZ
EESKZ
EESKZI
EESKZIU
EESKZIUQ
EESKZIUG
EESKZIG
EESKZIGU
EESKZIGUQ
EEK
EEKS
EEKSQ
EEKSQU
EEKSQUG
EEKSQUGI
EEKSQUGIZ
EEKSQUI
EEKSQUIG
EEKSQUIZ
EEKSU
EEKSUQ
EEKSUG
EEKSUGI
EEKSUGIZ
EEKSUI
EEKSUIG
EEKSUIZ
EEKI
EEKIU
EEKIUQ
EEKIUQS
EEKIUG
EEKIUS
EEKIUSQ
EEKIG
EEKIGU
EEKIGUQ
EEKIGUQS
EEKIGUS
EEKIGUSQ
EEKIZ
EEKZ
EEKZI
EEKZIU
EEKZIUQ
EEKZIUQS
EEKZIUG
EEKZIUS
EEKZIUSQ
EEKZIG
EEKZIGU
EEKZIGUQ
EEKZIGUQS
EEKZIGUS
EEKZIGUSQ
K
KE
KES
KESQ
KESQU
KESQUG
KESQUGI
KESQUGIE
KESQUGIEZ
KESQUGIZ
KESQUGIZE
KESQUGE
KESQUGEI
KESQUGEIZ
KESQUGEZ
KESQUGEZI
KESQUI
KESQUIE
KESQUIEG
KESQUIEZ
KESQUIG
KESQUIGE
KESQUIGEZ
KESQUIZ
KESQUIZE
KESQUIZEG
KESQUE
KESQUEG
KESQUEGI
KESQUEGIZ
KESQUEI
KESQUEIG
KESQUEIZ
KESQUEZ
KESQUEZI
KESQUEZIG
KESQE
KESQEU
KESQEUG
KESQEUGI
KESQEUGIZ
KESQEUI
KESQEUIG
KESQEUIZ
KESQEG
KESQEGU
KESQEGUI
KESQEGUIZ
KESQEGI
KESQEGIU
KESQEGIZ
KESQEI
KESQEIU
KESQEIUG
KESQEIG
KESQEIGU
KESQEIZ
KESQEZ
KESQEZI
KESQEZIU
KESQEZIUG
KESQEZIG
KESQEZIGU
KESU
KESUQ
KESUQE
KESUQEG
KESUQEGI
KESUQEGIZ
KESUQEI
KESUQEIG
KESUQEIZ
KESUQEZ
KESUQEZI
KESUQEZIG
KESUG
KESUGI
KESUGIE
KESUGIEQ
KESUGIEZ
KESUGIZ
KESUGIZE
KESUGIZEQ
KESUGE
KESUGEQ
KESUGEI
KESUGEIZ
KESUGEZ
KESUGEZI
KESUI
KESUIE
KESUIEQ
KESUIEG
KESUIEZ
KESUIG
KESUIGE
KESUIGEQ
KESUIGEZ
KESUIZ
KESUIZE
KESUIZEQ
KESUIZEG
KESUE
KESUEQ
KESUEG
KESUEGI
KESUEGIZ
KESUEI
KESUEIG
KESUEIZ
KESUEZ
KESUEZI
KESUEZIG
KESE
KESEQ
KESEQU
KESEQUG
KESEQUGI
KESEQUGIZ
KESEQUI
KESEQUIG
KESEQUIZ
KESEU
KESEUQ
KESEUG
KESEUGI
KESEUGIZ
KESEUI
KESEUIG
KESEUIZ
KESEG
KESEGU
KESEGUQ
KESEGUI
KESEGUIZ
KESEGI
KESEGIU
KESEGIUQ
KESEGIZ
KESEI
KESEIU
KESEIUQ
KESEIUG
KESEIG
KESEIGU
KESEIGUQ
KESEIZ
KESEZ
KESEZI
KESEZIU
KESEZIUQ
KESEZIUG
KESEZIG
KESEZIGU
KESEZIGUQ
KEE
KEES
KEESQ
KEESQU
KEESQUG
KEESQUGI
KEESQUGIZ
KEESQUI
KEESQUIG
KEESQUIZ
KEESU
KEESUQ
KEESUG
KEESUGI
KEESUGIZ
KEESUI
KEESUIG
KEESUIZ
KEEQ
KEEQU
KEEQUG
KEEQUGI
KEEQUGIZ
KEEQUI
KEEQUIG
KEEQUIZ
KEEQUS
KEEQS
KEEQSU
KEEQSUG
KEEQSUGI
KEEQSUGIZ
KEEQSUI
KEEQSUIG
KEEQSUIZ
KEEU
KEEUQ
KEEUQS
KEEUG
KEEUGI
KEEUGIZ
KEEUI
KEEUIG
KEEUIZ
KEEUS
KEEUSQ
KEEG
KEEGU
KEEGUQ
KEEGUQS
KEEGUI
KEEGUIZ
KEEGUS
KEEGUSQ
KEEGI
KEEGIU
KEEGIUQ
KEEGIUQS
KEEGIUS
KEEGIUSQ
KEEGIZ
KEEI
KEEIU
KEEIUQ
KEEIUQS
KEEIUG
KEEIUS
KEEIUSQ
KEEIG
KEEIGU
KEEIGUQ
KEEIGUQS
KEEIGUS
KEEIGUSQ
KEEIZ
KEEZ
KEEZI
KEEZIU
KEEZIUQ
KEEZIUQS
KEEZIUG
KEEZIUS
KEEZIUSQ
KEEZIG
KEEZIGU
KEEZIGUQ
KEEZIGUQS
KEEZIGUS
KEEZIGUSQ
KS
KSQ
KSQU
KSQUG
KSQUGI
KSQUGIE
KSQUGIEZ
KSQUGIEE
KSQUGIZ
KSQUGIZE
KSQUGIZEE
KSQUGE
KSQUGEI
KSQUGEIZ
KSQUGEZ
KSQUGEZI
KSQUGEE
KSQUI
KSQUIE
KSQUIEG
KSQUIEZ
KSQUIEE
KSQUIG
KSQUIGE
KSQUIGEZ
KSQUIGEE
KSQUIZ
KSQUIZE
KSQUIZEG
KSQUIZEE
KSQUE
KSQUEG
KSQUEGI
KSQUEGIZ
KSQUEI
KSQUEIG
KSQUEIZ
KSQUEZ
KSQUEZI
KSQUEZIG
KSQUEE
KSQE
KSQEU
KSQEUG
KSQEUGI
KSQEUGIZ
KSQEUI
KSQEUIG
KSQEUIZ
KSQEG
KSQEGU
KSQEGUI
KSQEGUIZ
KSQEGI
KSQEGIU
KSQEGIZ
KSQEI
KSQEIU
KSQEIUG
KSQEIG
KSQEIGU
KSQEIZ
KSQEZ
KSQEZI
KSQEZIU
KSQEZIUG
KSQEZIG
KSQEZIGU
KSQEE
KSU
KSUQ
KSUQE
KSUQEG
KSUQEGI
KSUQEGIZ
KSUQEI
KSUQEIG
KSUQEIZ
KSUQEZ
KSUQEZI
KSUQEZIG
KSUQEE
KSUG
KSUGI
KSUGIE
KSUGIEQ
KSUGIEZ
KSUGIEE
KSUGIZ
KSUGIZE
KSUGIZEQ
KSUGIZEE
KSUGE
KSUGEQ
KSUGEI
KSUGEIZ
KSUGEZ
KSUGEZI
KSUGEE
KSUI
KSUIE
KSUIEQ
KSUIEG
KSUIEZ
KSUIEE
KSUIG
KSUIGE
KSUIGEQ
KSUIGEZ
KSUIGEE
KSUIZ
KSUIZE
KSUIZEQ
KSUIZEG
KSUIZEE
KSUE
KSUEQ
KSUEG
KSUEGI
KSUEGIZ
KSUEI
KSUEIG
KSUEIZ
KSUEZ
KSUEZI
KSUEZIG
KSUEE
KSE
KSEQ
KSEQU
KSEQUG
KSEQUGI
KSEQUGIZ
KSEQUI
KSEQUIG
KSEQUIZ
KSEU
KSEUQ
KSEUG
KSEUGI
KSEUGIZ
KSEUI
KSEUIG
KSEUIZ
KSEG
KSEGU
KSEGUQ
KSEGUI
KSEGUIZ
KSEGI
KSEGIU
KSEGIUQ
KSEGIZ
KSEI
KSEIU
KSEIUQ
KSEIUG
KSEIG
KSEIGU
KSEIGUQ
KSEIZ
KSEZ
KSEZI
KSEZIU
KSEZIUQ
KSEZIUG
KSEZIG
KSEZIGU
KSEZIGUQ
KSEE
KSE
KSEE
KSEEQ
KSEEQU
KSEEQUG
KSEEQUGI
KSEEQUGIZ
KSEEQUI
KSEEQUIG
KSEEQUIZ
KSEEU
KSEEUQ
KSEEUG
KSEEUGI
KSEEUGIZ
KSEEUI
KSEEUIG
KSEEUIZ
KSEEG
KSEEGU
KSEEGUQ
KSEEGUI
KSEEGUIZ
KSEEGI
KSEEGIU
KSEEGIUQ
KSEEGIZ
KSEEI
KSEEIU
KSEEIUQ
KSEEIUG
KSEEIG
KSEEIGU
KSEEIGUQ
KSEEIZ
KSEEZ
KSEEZI
KSEEZIU
KSEEZIUQ
KSEEZIUG
KSEEZIG
KSEEZIGU
KSEEZIGUQ
KE
KES
KESQ
KESQU
KESQUG
KESQUGI
KESQUGIZ
KESQUI
KESQUIG
KESQUIZ
KESU
KESUQ
KESUG
KESUGI
KESUGIZ
KESUI
KESUIG
KESUIZ
KESE
KEQ
KEQU
KEQUG
KEQUGI
KEQUGIZ
KEQUI
KEQUIG
KEQUIZ
KEQUS
KEQUSE
KEQS
KEQSU
KEQSUG
KEQSUGI
KEQSUGIZ
KEQSUI
KEQSUIG
KEQSUIZ
KEQSE
KEU
KEUQ
KEUQS
KEUQSE
KEUG
KEUGI
KEUGIZ
KEUI
KEUIG
KEUIZ
KEUS
KEUSQ
KEUSE
KEG
KEGU
KEGUQ
KEGUQS
KEGUQSE
KEGUI
KEGUIZ
KEGUS
KEGUSQ
KEGUSE
KEGI
KEGIU
KEGIUQ
KEGIUQS
KEGIUQSE
KEGIUS
KEGIUSQ
KEGIUSE
KEGIZ
KEI
KEIU
KEIUQ
KEIUQS
KEIUQSE
KEIUG
KEIUS
KEIUSQ
KEIUSE
KEIG
KEIGU
KEIGUQ
KEIGUQS
KEIGUQSE
KEIGUS
KEIGUSQ
KEIGUSE
KEIZ
KEZ
KEZI
KEZIU
KEZIUQ
KEZIUQS
KEZIUQSE
KEZIUG
KEZIUS
KEZIUSQ
KEZIUSE
KEZIG
KEZIGU
KEZIGUQ
KEZIGUQS
KEZIGUQSE
KEZIGUS
KEZIGUSQ
KEZIGUSE
KEE
KEES
KEESQ
KEESQU
KEESQUG
KEESQUGI
KEESQUGIZ
KEESQUI
KEESQUIG
KEESQUIZ
KEESU
KEESUQ
KEESUG
KEESUGI
KEESUGIZ
KEESUI
KEESUIG
KEESUIZ
KI
KIE
KIES
KIESQ
KIESQU
KIESQUG
KIESU
KIESUQ
KIESUG
KIESE
KIEQ
KIEQU
KIEQUG
KIEQUS
KIEQUSE
KIEQS
KIEQSU
KIEQSUG
KIEQSE
KIEU
KIEUQ
KIEUQS
KIEUQSE
KIEUG
KIEUS
KIEUSQ
KIEUSE
KIEG
KIEGU
KIEGUQ
KIEGUQS
KIEGUQSE
KIEGUS
KIEGUSQ
KIEGUSE
KIEZ
KIEE
KIEES
KIEESQ
KIEESQU
KIEESQUG
KIEESU
KIEESUQ
KIEESUG
KIU
KIUQ
KIUQE
KIUQES
KIUQESE
KIUQEG
KIUQEZ
KIUQEE
KIUQEES
KIUQS
KIUQSE
KIUQSEG
KIUQSEZ
KIUQSEE
KIUQSE
KIUQSEE
KIUQSEEG
KIUQSEEZ
KIUG
KIUGE
KIUGES
KIUGESQ
KIUGESE
KIUGEQ
KIUGEQS
KIUGEQSE
KIUGEZ
KIUGEE
KIUGEES
KIUGEESQ
KIUE
KIUES
KIUESQ
KIUESE
KIUEQ
KIUEQS
KIUEQSE
KIUEG
KIUEZ
KIUEE
KIUEES
KIUEESQ
KIUS
KIUSQ
KIUSQE
KIUSQEG
KIUSQEZ
KIUSQEE
KIUSE
KIUSEQ
KIUSEG
KIUSEZ
KIUSEE
KIUSE
KIUSEE
KIUSEEQ
KIUSEEG
KIUSEEZ
KIG
KIGU
KIGUQ
KIGUQE
KIGUQES
KIGUQESE
KIGUQEZ
KIGUQEE
KIGUQEES
KIGUQS
KIGUQSE
KIGUQSEZ
KIGUQSEE
KIGUQSE
KIGUQSEE
KIGUQSEEZ
KIGUE
KIGUES
KIGUESQ
KIGUESE
KIGUEQ
KIGUEQS
KIGUEQSE
KIGUEZ
KIGUEE
KIGUEES
KIGUEESQ
KIGUS
KIGUSQ
KIGUSQE
KIGUSQEZ
KIGUSQEE
KIGUSE
KIGUSEQ
KIGUSEZ
KIGUSEE
KIGUSE
KIGUSEE
KIGUSEEQ
KIGUSEEZ
KIGE
KIGES
KIGESQ
KIGESQU
KIGESU
KIGESUQ
KIGESE
KIGEQ
KIGEQU
KIGEQUS
KIGEQUSE
KIGEQS
KIGEQSU
KIGEQSE
KIGEU
KIGEUQ
KIGEUQS
KIGEUQSE
KIGEUS
KIGEUSQ
KIGEUSE
KIGEZ
KIGEE
KIGEES
KIGEESQ
KIGEESQU
KIGEESU
KIGEESUQ
KIZ
KIZE
KIZES
KIZESQ
KIZESQU
KIZESQUG
KIZESU
KIZESUQ
KIZESUG
KIZESE
KIZEQ
KIZEQU
KIZEQUG
KIZEQUS
KIZEQUSE
KIZEQS
KIZEQSU
KIZEQSUG
KIZEQSE
KIZEU
KIZEUQ
KIZEUQS
KIZEUQSE
KIZEUG
KIZEUS
KIZEUSQ
KIZEUSE
KIZEG
KIZEGU
KIZEGUQ
KIZEGUQS
KIZEGUQSE
KIZEGUS
KIZEGUSQ
KIZEGUSE
KIZEE
KIZEES
KIZEESQ
KIZEESQU
KIZEESQUG
KIZEESU
KIZEESUQ
KIZEESUG
KZ
KZE
KZES
KZESQ
KZESQU
KZESQUG
KZESQUGI
KZESQUI
KZESQUIG
KZESU
KZESUQ
KZESUG
KZESUGI
KZESUI
KZESUIG
KZESE
KZEQ
KZEQU
KZEQUG
KZEQUGI
KZEQUI
KZEQUIG
KZEQUS
KZEQUSE
KZEQS
KZEQSU
KZEQSUG
KZEQSUGI
KZEQSUI
KZEQSUIG
KZEQSE
KZEU
KZEUQ
KZEUQS
KZEUQSE
KZEUG
KZEUGI
KZEUI
KZEUIG
KZEUS
KZEUSQ
KZEUSE
KZEG
KZEGU
KZEGUQ
KZEGUQS
KZEGUQSE
KZEGUI
KZEGUS
KZEGUSQ
KZEGUSE
KZEGI
KZEGIU
KZEGIUQ
KZEGIUQS
KZEGIUQSE
KZEGIUS
KZEGIUSQ
KZEGIUSE
KZEI
KZEIU
KZEIUQ
KZEIUQS
KZEIUQSE
KZEIUG
KZEIUS
KZEIUSQ
KZEIUSE
KZEIG
KZEIGU
KZEIGUQ
KZEIGUQS
KZEIGUQSE
KZEIGUS
KZEIGUSQ
KZEIGUSE
KZEE
KZEES
KZEESQ
KZEESQU
KZEESQUG
KZEESQUGI
KZEESQUI
KZEESQUIG
KZEESU
KZEESUQ
KZEESUG
KZEESUGI
KZEESUI
KZEESUIG
KZI
KZIE
KZIES
KZIESQ
KZIESQU
KZIESQUG
KZIESU
KZIESUQ
KZIESUG
KZIESE
KZIEQ
KZIEQU
KZIEQUG
KZIEQUS
KZIEQUSE
KZIEQS
KZIEQSU
KZIEQSUG
KZIEQSE
KZIEU
KZIEUQ
KZIEUQS
KZIEUQSE
KZIEUG
KZIEUS
KZIEUSQ
KZIEUSE
KZIEG
KZIEGU
KZIEGUQ
KZIEGUQS
KZIEGUQSE
KZIEGUS
KZIEGUSQ
KZIEGUSE
KZIEE
KZIEES
KZIEESQ
KZIEESQU
KZIEESQUG
KZIEESU
KZIEESUQ
KZIEESUG
KZIU
KZIUQ
KZIUQE
KZIUQES
KZIUQESE
KZIUQEG
KZIUQEE
KZIUQEES
KZIUQS
KZIUQSE
KZIUQSEG
KZIUQSEE
KZIUQSE
KZIUQSEE
KZIUQSEEG
KZIUG
KZIUGE
KZIUGES
KZIUGESQ
KZIUGESE
KZIUGEQ
KZIUGEQS
KZIUGEQSE
KZIUGEE
KZIUGEES
KZIUGEESQ
KZIUE
KZIUES
KZIUESQ
KZIUESE
KZIUEQ
KZIUEQS
KZIUEQSE
KZIUEG
KZIUEE
KZIUEES
KZIUEESQ
KZIUS
KZIUSQ
KZIUSQE
KZIUSQEG
KZIUSQEE
KZIUSE
KZIUSEQ
KZIUSEG
KZIUSEE
KZIUSE
KZIUSEE
KZIUSEEQ
KZIUSEEG
KZIG
KZIGU
KZIGUQ
KZIGUQE
KZIGUQES
KZIGUQESE
KZIGUQEE
KZIGUQEES
KZIGUQS
KZIGUQSE
KZIGUQSEE
KZIGUQSE
KZIGUQSEE
KZIGUE
KZIGUES
KZIGUESQ
KZIGUESE
KZIGUEQ
KZIGUEQS
KZIGUEQSE
KZIGUEE
KZIGUEES
KZIGUEESQ
KZIGUS
KZIGUSQ
KZIGUSQE
KZIGUSQEE
KZIGUSE
KZIGUSEQ
KZIGUSEE
KZIGUSE
KZIGUSEE
KZIGUSEEQ
KZIGE
KZIGES
KZIGESQ
KZIGESQU
KZIGESU
KZIGESUQ
KZIGESE
KZIGEQ
KZIGEQU
KZIGEQUS
KZIGEQUSE
KZIGEQS
KZIGEQSU
KZIGEQSE
KZIGEU
KZIGEUQ
KZIGEUQS
KZIGEUQSE
KZIGEUS
KZIGEUSQ
KZIGEUSE
KZIGEE
KZIGEES
KZIGEESQ
KZIGEESQU
KZIGEESU
KZIGEESUQ
Q
QU
QUG
QUGI
QUGIE
QUGIES
QUGIESK
QUGIESKE
QUGIESKZ
QUGIESE
QUGIESEK
QUGIESEKZ
QUGIEZ
QUGIEZK
QUGIEZKE
QUGIEZKES
QUGIEZKS
QUGIEZKSE
QUGIEK
QUGIEKE
QUGIEKES
QUGIEKS
QUGIEKSE
QUGIEKZ
QUGIEE
QUGIEES
QUGIEESK
QUGIEESKZ
QUGIEEK
QUGIEEKS
QUGIEEKZ
QUGIZ
QUGIZK
QUGIZKE
QUGIZKES
QUGIZKESE
QUGIZKEE
QUGIZKEES
QUGIZKS
QUGIZKSE
QUGIZKSEE
QUGIZKSE
QUGIZKSEE
QUGIZKE
QUGIZKES
QUGIZKESE
QUGIZKEE
QUGIZKEES
QUGIZE
QUGIZES
QUGIZESK
QUGIZESKE
QUGIZESE
QUGIZESEK
QUGIZEK
QUGIZEKE
QUGIZEKES
QUGIZEKS
QUGIZEKSE
QUGIZEE
QUGIZEES
QUGIZEESK
QUGIZEEK
QUGIZEEKS
QUGIK
QUGIKE
QUGIKES
QUGIKESE
QUGIKESEZ
QUGIKEE
QUGIKEES
QUGIKEEZ
QUGIKS
QUGIKSE
QUGIKSEZ
QUGIKSEE
QUGIKSE
QUGIKSEE
QUGIKSEEZ
QUGIKE
QUGIKES
QUGIKESE
QUGIKEZ
QUGIKEE
QUGIKEES
QUGIKZ
QUGIKZE
QUGIKZES
QUGIKZESE
QUGIKZEE
QUGIKZEES
QUGE
QUGES
QUGESK
QUGESKE
QUGESKI
QUGESKIZ
QUGESKZ
QUGESKZI
QUGESE
QUGESEK
QUGESEKI
QUGESEKIZ
QUGESEKZ
QUGESEKZI
QUGEI
QUGEIZ
QUGEIZK
QUGEIZKE
QUGEIZKES
QUGEIZKS
QUGEIZKSE
QUGEIK
QUGEIKE
QUGEIKES
QUGEIKS
QUGEIKSE
QUGEIKZ
QUGEZ
QUGEZK
QUGEZKE
QUGEZKES
QUGEZKS
QUGEZKSE
QUGEZKI
QUGEZI
QUGEZIK
QUGEZIKE
QUGEZIKES
QUGEZIKS
QUGEZIKSE
QUGEK
QUGEKE
QUGEKES
QUGEKS
QUGEKSE
QUGEKI
QUGEKIZ
QUGEKZ
QUGEKZI
QUGEE
QUGEES
QUGEESK
QUGEESKI
QUGEESKIZ
QUGEESKZ
QUGEESKZI
QUGEEK
QUGEEKS
QUGEEKI
QUGEEKIZ
QUGEEKZ
QUGEEKZI
QUI
QUIE
QUIES
QUIESK
QUIESKE
QUIESKZ
QUIESE
QUIESEK
QUIESEKZ
QUIEG
QUIEZ
QUIEZK
QUIEZKE
QUIEZKES
QUIEZKS
QUIEZKSE
QUIEK
QUIEKE
QUIEKES
QUIEKS
QUIEKSE
QUIEKZ
QUIEE
QUIEES
QUIEESK
QUIEESKZ
QUIEEK
QUIEEKS
QUIEEKZ
QUIG
QUIGE
QUIGES
QUIGESK
QUIGESKE
QUIGESKZ
QUIGESE
QUIGESEK
QUIGESEKZ
QUIGEZ
QUIGEZK
QUIGEZKE
QUIGEZKES
QUIGEZKS
QUIGEZKSE
QUIGEK
QUIGEKE
QUIGEKES
QUIGEKS
QUIGEKSE
QUIGEKZ
QUIGEE
QUIGEES
QUIGEESK
QUIGEESKZ
QUIGEEK
QUIGEEKS
QUIGEEKZ
QUIZ
QUIZK
QUIZKE
QUIZKES
QUIZKESE
QUIZKESEG
QUIZKEE
QUIZKEES
QUIZKEEG
QUIZKS
QUIZKSE
QUIZKSEG
QUIZKSEE
QUIZKSE
QUIZKSEE
QUIZKSEEG
QUIZKE
QUIZKES
QUIZKESE
QUIZKEG
QUIZKEE
QUIZKEES
QUIZE
QUIZES
QUIZESK
QUIZESKE
QUIZESE
QUIZESEK
QUIZEG
QUIZEK
QUIZEKE
QUIZEKES
QUIZEKS
QUIZEKSE
QUIZEE
QUIZEES
QUIZEESK
QUIZEEK
QUIZEEKS
QUIK
QUIKE
QUIKES
QUIKESE
QUIKESEG
QUIKESEZ
QUIKEE
QUIKEES
QUIKEEG
QUIKEEZ
QUIKS
QUIKSE
QUIKSEG
QUIKSEZ
QUIKSEE
QUIKSE
QUIKSEE
QUIKSEEG
QUIKSEEZ
QUIKE
QUIKES
QUIKESE
QUIKEG
QUIKEZ
QUIKEE
QUIKEES
QUIKZ
QUIKZE
QUIKZES
QUIKZESE
QUIKZEG
QUIKZEE
QUIKZEES
QUE
QUES
QUESK
QUESKE
QUESKI
QUESKIG
QUESKIZ
QUESKZ
QUESKZI
QUESKZIG
QUESE
QUESEK
QUESEKI
QUESEKIG
QUESEKIZ
QUESEKZ
QUESEKZI
QUESEKZIG
QUEG
QUEGI
QUEGIZ
QUEGIZK
QUEGIZKE
QUEGIZKES
QUEGIZKS
QUEGIZKSE
QUEGIK
QUEGIKE
QUEGIKES
QUEGIKS
QUEGIKSE
QUEGIKZ
QUEI
QUEIG
QUEIZ
QUEIZK
QUEIZKE
QUEIZKES
QUEIZKS
QUEIZKSE
QUEIK
QUEIKE
QUEIKES
QUEIKS
QUEIKSE
QUEIKZ
QUEZ
QUEZK
QUEZKE
QUEZKES
QUEZKS
QUEZKSE
QUEZKI
QUEZKIG
QUEZI
QUEZIG
QUEZIK
QUEZIKE
QUEZIKES
QUEZIKS
QUEZIKSE
QUEK
QUEKE
QUEKES
QUEKS
QUEKSE
QUEKI
QUEKIG
QUEKIZ
QUEKZ
QUEKZI
QUEKZIG
QUEE
QUEES
QUEESK
QUEESKI
QUEESKIG
QUEESKIZ
QUEESKZ
QUEESKZI
QUEESKZIG
QUEEK
QUEEKS
QUEEKI
QUEEKIG
QUEEKIZ
QUEEKZ
QUEEKZI
QUEEKZIG
QUS
QUSE
QUSEG
QUSEGI
QUSEGIZ
QUSEGIZK
QUSEGIZKE
QUSEGIK
QUSEGIKE
QUSEGIKZ
QUSEI
QUSEIG
QUSEIZ
QUSEIZK
QUSEIZKE
QUSEIK
QUSEIKE
QUSEIKZ
QUSEZ
QUSEZK
QUSEZKE
QUSEZKI
QUSEZKIG
QUSEZI
QUSEZIG
QUSEZIK
QUSEZIKE
QUSEK
QUSEKE
QUSEKI
QUSEKIG
QUSEKIZ
QUSEKZ
QUSEKZI
QUSEKZIG
QUSEE
QUSEEK
QUSEEKI
QUSEEKIG
QUSEEKIZ
QUSEEKZ
QUSEEKZI
QUSEEKZIG
QUSK
QUSKE
QUSKEE
QUSKEEG
QUSKEEGI
QUSKEEGIZ
QUSKEEI
QUSKEEIG
QUSKEEIZ
QUSKEEZ
QUSKEEZI
QUSKEEZIG
QUSKE
QUSKEG
QUSKEGI
QUSKEGIZ
QUSKEI
QUSKEIG
QUSKEIZ
QUSKEZ
QUSKEZI
QUSKEZIG
QUSKEE
QUSKI
QUSKIE
QUSKIEG
QUSKIEZ
QUSKIEE
QUSKIG
QUSKIGE
QUSKIGEZ
QUSKIGEE
QUSKIZ
QUSKIZE
QUSKIZEG
QUSKIZEE
QUSKZ
QUSKZE
QUSKZEG
QUSKZEGI
QUSKZEI
QUSKZEIG
QUSKZEE
QUSKZI
QUSKZIE
QUSKZIEG
QUSKZIEE
QUSKZIG
QUSKZIGE
QUSKZIGEE
QUSE
QUSEE
QUSEEG
QUSEEGI
QUSEEGIZ
QUSEEGIZK
QUSEEGIK
QUSEEGIKZ
QUSEEI
QUSEEIG
QUSEEIZ
QUSEEIZK
QUSEEIK
QUSEEIKZ
QUSEEZ
QUSEEZK
QUSEEZKI
QUSEEZKIG
QUSEEZI
QUSEEZIG
QUSEEZIK
QUSEEK
QUSEEKI
QUSEEKIG
QUSEEKIZ
QUSEEKZ
QUSEEKZI
QUSEEKZIG
QUSEK
QUSEKE
QUSEKEG
QUSEKEGI
QUSEKEGIZ
QUSEKEI
QUSEKEIG
QUSEKEIZ
QUSEKEZ
QUSEKEZI
QUSEKEZIG
QUSEKI
QUSEKIE
QUSEKIEG
QUSEKIEZ
QUSEKIG
QUSEKIGE
QUSEKIGEZ
QUSEKIZ
QUSEKIZE
QUSEKIZEG
QUSEKZ
QUSEKZE
QUSEKZEG
QUSEKZEGI
QUSEKZEI
QUSEKZEIG
QUSEKZI
QUSEKZIE
QUSEKZIEG
QUSEKZIG
QUSEKZIGE
QE
QES
QESU
QESUG
QESUGI
QESUGIZ
QESUGIZK
QESUGIZKE
QESUGIK
QESUGIKE
QESUGIKZ
QESUI
QESUIG
QESUIZ
QESUIZK
QESUIZKE
QESUIK
QESUIKE
QESUIKZ
QESK
QESKE
QESKI
QESKIU
QESKIUG
QESKIG
QESKIGU
QESKIZ
QESKZ
QESKZI
QESKZIU
QESKZIUG
QESKZIG
QESKZIGU
QESE
QESEK
QESEKI
QESEKIU
QESEKIUG
QESEKIG
QESEKIGU
QESEKIZ
QESEKZ
QESEKZI
QESEKZIU
QESEKZIUG
QESEKZIG
QESEKZIGU
QEU
QEUG
QEUGI
QEUGIZ
QEUGIZK
QEUGIZKE
QEUGIZKES
QEUGIZKS
QEUGIZKSE
QEUGIK
QEUGIKE
QEUGIKES
QEUGIKS
QEUGIKSE
QEUGIKZ
QEUI
QEUIG
QEUIZ
QEUIZK
QEUIZKE
QEUIZKES
QEUIZKS
QEUIZKSE
QEUIK
QEUIKE
QEUIKES
QEUIKS
QEUIKSE
QEUIKZ
QEUS
QEUSK
QEUSKE
QEUSKI
QEUSKIG
QEUSKIZ
QEUSKZ
QEUSKZI
QEUSKZIG
QEUSE
QEUSEK
QEUSEKI
QEUSEKIG
QEUSEKIZ
QEUSEKZ
QEUSEKZI
QEUSEKZIG
QEG
QEGU
QEGUI
QEGUIZ
QEGUIZK
QEGUIZKE
QEGUIZKES
QEGUIZKS
QEGUIZKSE
QEGUIK
QEGUIKE
QEGUIKES
QEGUIKS
QEGUIKSE
QEGUIKZ
QEGUS
QEGUSK
QEGUSKE
QEGUSKI
QEGUSKIZ
QEGUSKZ
QEGUSKZI
QEGUSE
QEGUSEK
QEGUSEKI
QEGUSEKIZ
QEGUSEKZ
QEGUSEKZI
QEGI
QEGIU
QEGIUS
QEGIUSK
QEGIUSKE
QEGIUSKZ
QEGIUSE
QEGIUSEK
QEGIUSEKZ
QEGIZ
QEGIZK
QEGIZKE
QEGIZKES
QEGIZKESU
QEGIZKS
QEGIZKSU
QEGIZKSE
QEGIK
QEGIKE
QEGIKES
QEGIKESU
QEGIKS
QEGIKSU
QEGIKSE
QEGIKZ
QEI
QEIU
QEIUG
QEIUS
QEIUSK
QEIUSKE
QEIUSKZ
QEIUSE
QEIUSEK
QEIUSEKZ
QEIG
QEIGU
QEIGUS
QEIGUSK
QEIGUSKE
QEIGUSKZ
QEIGUSE
QEIGUSEK
QEIGUSEKZ
QEIZ
QEIZK
QEIZKE
QEIZKES
QEIZKESU
QEIZKESUG
QEIZKS
QEIZKSU
QEIZKSUG
QEIZKSE
QEIK
QEIKE
QEIKES
QEIKESU
QEIKESUG
QEIKS
QEIKSU
QEIKSUG
QEIKSE
QEIKZ
QEZ
QEZK
QEZKE
QEZKES
QEZKESU
QEZKESUG
QEZKESUGI
QEZKESUI
QEZKESUIG
QEZKS
QEZKSU
QEZKSUG
QEZKSUGI
QEZKSUI
QEZKSUIG
QEZKSE
QEZKI
QEZKIU
QEZKIUG
QEZKIUS
QEZKIUSE
QEZKIG
QEZKIGU
QEZKIGUS
QEZKIGUSE
QEZI
QEZIU
QEZIUG
QEZIUS
QEZIUSK
QEZIUSKE
QEZIUSE
QEZIUSEK
QEZIG
QEZIGU
QEZIGUS
QEZIGUSK
QEZIGUSKE
QEZIGUSE
QEZIGUSEK
QEZIK
QEZIKE
QEZIKES
QEZIKESU
QEZIKESUG
QEZIKS
QEZIKSU
QEZIKSUG
QEZIKSE
QEK
QEKE
QEKES
QEKESU
QEKESUG
QEKESUGI
QEKESUGIZ
QEKESUI
QEKESUIG
QEKESUIZ
QEKS
QEKSU
QEKSUG
QEKSUGI
QEKSUGIZ
QEKSUI
QEKSUIG
QEKSUIZ
QEKSE
QEKI
QEKIU
QEKIUG
QEKIUS
QEKIUSE
QEKIG
QEKIGU
QEKIGUS
QEKIGUSE
QEKIZ
QEKZ
QEKZI
QEKZIU
QEKZIUG
QEKZIUS
QEKZIUSE
QEKZIG
QEKZIGU
QEKZIGUS
QEKZIGUSE
QEE
QEES
QEESU
QEESUG
QEESUGI
QEESUGIZ
QEESUGIZK
QEESUGIK
QEESUGIKZ
QEESUI
QEESUIG
QEESUIZ
QEESUIZK
QEESUIK
QEESUIKZ
QEESK
QEESKI
QEESKIU
QEESKIUG
QEESKIG
QEESKIGU
QEESKIZ
QEESKZ
QEESKZI
QEESKZIU
QEESKZIUG
QEESKZIG
QEESKZIGU
QEEK
QEEKS
QEEKSU
QEEKSUG
QEEKSUGI
QEEKSUGIZ
QEEKSUI
QEEKSUIG
QEEKSUIZ
QEEKI
QEEKIU
QEEKIUG
QEEKIUS
QEEKIG
QEEKIGU
QEEKIGUS
QEEKIZ
QEEKZ
QEEKZI
QEEKZIU
QEEKZIUG
QEEKZIUS
QEEKZIG
QEEKZIGU
QEEKZIGUS
QS
QSU
QSUG
QSUGI
QSUGIE
QSUGIEZ
QSUGIEZK
QSUGIEZKE
QSUGIEK
QSUGIEKE
QSUGIEKZ
QSUGIEE
QSUGIEEK
QSUGIEEKZ
QSUGIZ
QSUGIZK
QSUGIZKE
QSUGIZKEE
QSUGIZKE
QSUGIZKEE
QSUGIZE
QSUGIZEK
QSUGIZEKE
QSUGIZEE
QSUGIZEEK
QSUGIK
QSUGIKE
QSUGIKEE
QSUGIKEEZ
QSUGIKE
QSUGIKEZ
QSUGIKEE
QSUGIKZ
QSUGIKZE
QSUGIKZEE
QSUGE
QSUGEI
QSUGEIZ
QSUGEIZK
QSUGEIZKE
QSUGEIK
QSUGEIKE
QSUGEIKZ
QSUGEZ
QSUGEZK
QSUGEZKE
QSUGEZKI
QSUGEZI
QSUGEZIK
QSUGEZIKE
QSUGEK
QSUGEKE
QSUGEKI
QSUGEKIZ
QSUGEKZ
QSUGEKZI
QSUGEE
QSUGEEK
QSUGEEKI
QSUGEEKIZ
QSUGEEKZ
QSUGEEKZI
QSUI
QSUIE
QSUIEG
QSUIEZ
QSUIEZK
QSUIEZKE
QSUIEK
QSUIEKE
QSUIEKZ
QSUIEE
QSUIEEK
QSUIEEKZ
QSUIG
QSUIGE
QSUIGEZ
QSUIGEZK
QSUIGEZKE
QSUIGEK
QSUIGEKE
QSUIGEKZ
QSUIGEE
QSUIGEEK
QSUIGEEKZ
QSUIZ
QSUIZK
QSUIZKE
QSUIZKEE
QSUIZKEEG
QSUIZKE
QSUIZKEG
QSUIZKEE
QSUIZE
QSUIZEG
QSUIZEK
QSUIZEKE
QSUIZEE
QSUIZEEK
QSUIK
QSUIKE
QSUIKEE
QSUIKEEG
QSUIKEEZ
QSUIKE
QSUIKEG
QSUIKEZ
QSUIKEE
QSUIKZ
QSUIKZE
QSUIKZEG
QSUIKZEE
QSUE
QSUEG
QSUEGI
QSUEGIZ
QSUEGIZK
QSUEGIZKE
QSUEGIK
QSUEGIKE
QSUEGIKZ
QSUEI
QSUEIG
QSUEIZ
QSUEIZK
QSUEIZKE
QSUEIK
QSUEIKE
QSUEIKZ
QSUEZ
QSUEZK
QSUEZKE
QSUEZKI
QSUEZKIG
QSUEZI
QSUEZIG
QSUEZIK
QSUEZIKE
QSUEK
QSUEKE
QSUEKI
QSUEKIG
QSUEKIZ
QSUEKZ
QSUEKZI
QSUEKZIG
QSUEE
QSUEEK
QSUEEKI
QSUEEKIG
QSUEEKIZ
QSUEEKZ
QSUEEKZI
QSUEEKZIG
QSE
QSEU
QSEUG
QSEUGI
QSEUGIZ
QSEUGIZK
QSEUGIZKE
QSEUGIK
QSEUGIKE
QSEUGIKZ
QSEUI
QSEUIG
QSEUIZ
QSEUIZK
QSEUIZKE
QSEUIK
QSEUIKE
QSEUIKZ
QSEG
QSEGU
QSEGUI
QSEGUIZ
QSEGUIZK
QSEGUIZKE
QSEGUIK
QSEGUIKE
QSEGUIKZ
QSEGI
QSEGIU
QSEGIZ
QSEGIZK
QSEGIZKE
QSEGIK
QSEGIKE
QSEGIKZ
QSEI
QSEIU
QSEIUG
QSEIG
QSEIGU
QSEIZ
QSEIZK
QSEIZKE
QSEIK
QSEIKE
QSEIKZ
QSEZ
QSEZK
QSEZKE
QSEZKI
QSEZKIU
QSEZKIUG
QSEZKIG
QSEZKIGU
QSEZI
QSEZIU
QSEZIUG
QSEZIG
QSEZIGU
QSEZIK
QSEZIKE
QSEK
QSEKE
QSEKI
QSEKIU
QSEKIUG
QSEKIG
QSEKIGU
QSEKIZ
QSEKZ
QSEKZI
QSEKZIU
QSEKZIUG
QSEKZIG
QSEKZIGU
QSEE
QSEEK
QSEEKI
QSEEKIU
QSEEKIUG
QSEEKIG
QSEEKIGU
QSEEKIZ
QSEEKZ
QSEEKZI
QSEEKZIU
QSEEKZIUG
QSEEKZIG
QSEEKZIGU
QSK
QSKE
QSKEE
QSKEEU
QSKEEUG
QSKEEUGI
QSKEEUGIZ
QSKEEUI
QSKEEUIG
QSKEEUIZ
QSKEEG
QSKEEGU
QSKEEGUI
QSKEEGUIZ
QSKEEGI
QSKEEGIU
QSKEEGIZ
QSKEEI
QSKEEIU
QSKEEIUG
QSKEEIG
QSKEEIGU
QSKEEIZ
QSKEEZ
QSKEEZI
QSKEEZIU
QSKEEZIUG
QSKEEZIG
QSKEEZIGU
QSKE
QSKEU
QSKEUG
QSKEUGI
QSKEUGIZ
QSKEUI
QSKEUIG
QSKEUIZ
QSKEG
QSKEGU
QSKEGUI
QSKEGUIZ
QSKEGI
QSKEGIU
QSKEGIZ
QSKEI
QSKEIU
QSKEIUG
QSKEIG
QSKEIGU
QSKEIZ
QSKEZ
QSKEZI
QSKEZIU
QSKEZIUG
QSKEZIG
QSKEZIGU
QSKEE
QSKI
QSKIE
QSKIEU
QSKIEUG
QSKIEG
QSKIEGU
QSKIEZ
QSKIEE
QSKIU
QSKIUG
QSKIUGE
QSKIUGEZ
QSKIUGEE
QSKIUE
QSKIUEG
QSKIUEZ
QSKIUEE
QSKIG
QSKIGU
QSKIGUE
QSKIGUEZ
QSKIGUEE
QSKIGE
QSKIGEU
QSKIGEZ
QSKIGEE
QSKIZ
QSKIZE
QSKIZEU
QSKIZEUG
QSKIZEG
QSKIZEGU
QSKIZEE
QSKZ
QSKZE
QSKZEU
QSKZEUG
QSKZEUGI
QSKZEUI
QSKZEUIG
QSKZEG
QSKZEGU
QSKZEGUI
QSKZEGI
QSKZEGIU
QSKZEI
QSKZEIU
QSKZEIUG
QSKZEIG
QSKZEIGU
QSKZEE
QSKZI
QSKZIE
QSKZIEU
QSKZIEUG
QSKZIEG
QSKZIEGU
QSKZIEE
QSKZIU
QSKZIUG
QSKZIUGE
QSKZIUGEE
QSKZIUE
QSKZIUEG
QSKZIUEE
QSKZIG
QSKZIGU
QSKZIGUE
QSKZIGUEE
QSKZIGE
QSKZIGEU
QSKZIGEE
QSE
QSEE
QSEEU
QSEEUG
QSEEUGI
QSEEUGIZ
QSEEUGIZK
QSEEUGIK
QSEEUGIKZ
QSEEUI
QSEEUIG
QSEEUIZ
QSEEUIZK
QSEEUIK
QSEEUIKZ
QSEEG
QSEEGU
QSEEGUI
QSEEGUIZ
QSEEGUIZK
QSEEGUIK
QSEEGUIKZ
QSEEGI
QSEEGIU
QSEEGIZ
QSEEGIZK
QSEEGIK
QSEEGIKZ
QSEEI
QSEEIU
QSEEIUG
QSEEIG
QSEEIGU
QSEEIZ
QSEEIZK
QSEEIK
QSEEIKZ
QSEEZ
QSEEZK
QSEEZKI
QSEEZKIU
QSEEZKIUG
QSEEZKIG
QSEEZKIGU
QSEEZI
QSEEZIU
QSEEZIUG
QSEEZIG
QSEEZIGU
QSEEZIK
QSEEK
QSEEKI
QSEEKIU
QSEEKIUG
QSEEKIG
QSEEKIGU
QSEEKIZ
QSEEKZ
QSEEKZI
QSEEKZIU
QSEEKZIUG
QSEEKZIG
QSEEKZIGU
QSEK
QSEKE
QSEKEU
QSEKEUG
QSEKEUGI
QSEKEUGIZ
QSEKEUI
QSEKEUIG
QSEKEUIZ
QSEKEG
QSEKEGU
QSEKEGUI
QSEKEGUIZ
QSEKEGI
QSEKEGIU
QSEKEGIZ
QSEKEI
QSEKEIU
QSEKEIUG
QSEKEIG
QSEKEIGU
QSEKEIZ
QSEKEZ
QSEKEZI
QSEKEZIU
QSEKEZIUG
QSEKEZIG
QSEKEZIGU
QSEKI
QSEKIE
QSEKIEU
QSEKIEUG
QSEKIEG
QSEKIEGU
QSEKIEZ
QSEKIU
QSEKIUG
QSEKIUGE
QSEKIUGEZ
QSEKIUE
QSEKIUEG
QSEKIUEZ
QSEKIG
QSEKIGU
QSEKIGUE
QSEKIGUEZ
QSEKIGE
QSEKIGEU
QSEKIGEZ
QSEKIZ
QSEKIZE
QSEKIZEU
QSEKIZEUG
QSEKIZEG
QSEKIZEGU
QSEKZ
QSEKZE
QSEKZEU
QSEKZEUG
QSEKZEUGI
QSEKZEUI
QSEKZEUIG
QSEKZEG
QSEKZEGU
QSEKZEGUI
QSEKZEGI
QSEKZEGIU
QSEKZEI
QSEKZEIU
QSEKZEIUG
QSEKZEIG
QSEKZEIGU
QSEKZI
QSEKZIE
QSEKZIEU
QSEKZIEUG
QSEKZIEG
QSEKZIEGU
QSEKZIU
QSEKZIUG
QSEKZIUGE
QSEKZIUE
QSEKZIUEG
QSEKZIG
QSEKZIGU
QSEKZIGUE
QSEKZIGE
QSEKZIGEU
S
SQ
SQU
SQUG
SQUGI
SQUGIE
SQUGIEZ
SQUGIEZK
SQUGIEZKE
SQUGIEK
SQUGIEKE
SQUGIEKZ
SQUGIEE
SQUGIEEK
SQUGIEEKZ
SQUGIZ
SQUGIZK
SQUGIZKE
SQUGIZKEE
SQUGIZKE
SQUGIZKEE
SQUGIZE
SQUGIZEK
SQUGIZEKE
SQUGIZEE
SQUGIZEEK
SQUGIK
SQUGIKE
SQUGIKEE
SQUGIKEEZ
SQUGIKE
SQUGIKEZ
SQUGIKEE
SQUGIKZ
SQUGIKZE
SQUGIKZEE
SQUGE
SQUGEI
SQUGEIZ
SQUGEIZK
SQUGEIZKE
SQUGEIK
SQUGEIKE
SQUGEIKZ
SQUGEZ
SQUGEZK
SQUGEZKE
SQUGEZKI
SQUGEZI
SQUGEZIK
SQUGEZIKE
SQUGEK
SQUGEKE
SQUGEKI
SQUGEKIZ
SQUGEKZ
SQUGEKZI
SQUGEE
SQUGEEK
SQUGEEKI
SQUGEEKIZ
SQUGEEKZ
SQUGEEKZI
SQUI
SQUIE
SQUIEG
SQUIEZ
SQUIEZK
SQUIEZKE
SQUIEK
SQUIEKE
SQUIEKZ
SQUIEE
SQUIEEK
SQUIEEKZ
SQUIG
SQUIGE
SQUIGEZ
SQUIGEZK
SQUIGEZKE
SQUIGEK
SQUIGEKE
SQUIGEKZ
SQUIGEE
SQUIGEEK
SQUIGEEKZ
SQUIZ
SQUIZK
SQUIZKE
SQUIZKEE
SQUIZKEEG
SQUIZKE
SQUIZKEG
SQUIZKEE
SQUIZE
SQUIZEG
SQUIZEK
SQUIZEKE
SQUIZEE
SQUIZEEK
SQUIK
SQUIKE
SQUIKEE
SQUIKEEG
SQUIKEEZ
SQUIKE
SQUIKEG
SQUIKEZ
SQUIKEE
SQUIKZ
SQUIKZE
SQUIKZEG
SQUIKZEE
SQUE
SQUEG
SQUEGI
SQUEGIZ
SQUEGIZK
SQUEGIZKE
SQUEGIK
SQUEGIKE
SQUEGIKZ
SQUEI
SQUEIG
SQUEIZ
SQUEIZK
SQUEIZKE
SQUEIK
SQUEIKE
SQUEIKZ
SQUEZ
SQUEZK
SQUEZKE
SQUEZKI
SQUEZKIG
SQUEZI
SQUEZIG
SQUEZIK
SQUEZIKE
SQUEK
SQUEKE
SQUEKI
SQUEKIG
SQUEKIZ
SQUEKZ
SQUEKZI
SQUEKZIG
SQUEE
SQUEEK
SQUEEKI
SQUEEKIG
SQUEEKIZ
SQUEEKZ
SQUEEKZI
SQUEEKZIG
SQE
SQEU
SQEUG
SQEUGI
SQEUGIZ
SQEUGIZK
SQEUGIZKE
SQEUGIK
SQEUGIKE
SQEUGIKZ
SQEUI
SQEUIG
SQEUIZ
SQEUIZK
SQEUIZKE
SQEUIK
SQEUIKE
SQEUIKZ
SQEG
SQEGU
SQEGUI
SQEGUIZ
SQEGUIZK
SQEGUIZKE
SQEGUIK
SQEGUIKE
SQEGUIKZ
SQEGI
SQEGIU
SQEGIZ
SQEGIZK
SQEGIZKE
SQEGIK
SQEGIKE
SQEGIKZ
SQEI
SQEIU
SQEIUG
SQEIG
SQEIGU
SQEIZ
SQEIZK
SQEIZKE
SQEIK
SQEIKE
SQEIKZ
SQEZ
SQEZK
SQEZKE
SQEZKI
SQEZKIU
SQEZKIUG
SQEZKIG
SQEZKIGU
SQEZI
SQEZIU
SQEZIUG
SQEZIG
SQEZIGU
SQEZIK
SQEZIKE
SQEK
SQEKE
SQEKI
SQEKIU
SQEKIUG
SQEKIG
SQEKIGU
SQEKIZ
SQEKZ
SQEKZI
SQEKZIU
SQEKZIUG
SQEKZIG
SQEKZIGU
SQEE
SQEEK
SQEEKI
SQEEKIU
SQEEKIUG
SQEEKIG
SQEEKIGU
SQEEKIZ
SQEEKZ
SQEEKZI
SQEEKZIU
SQEEKZIUG
SQEEKZIG
SQEEKZIGU
SU
SUQ
SUQE
SUQEG
SUQEGI
SUQEGIZ
SUQEGIZK
SUQEGIZKE
SUQEGIK
SUQEGIKE
SUQEGIKZ
SUQEI
SUQEIG
SUQEIZ
SUQEIZK
SUQEIZKE
SUQEIK
SUQEIKE
SUQEIKZ
SUQEZ
SUQEZK
SUQEZKE
SUQEZKI
SUQEZKIG
SUQEZI
SUQEZIG
SUQEZIK
SUQEZIKE
SUQEK
SUQEKE
SUQEKI
SUQEKIG
SUQEKIZ
SUQEKZ
SUQEKZI
SUQEKZIG
SUQEE
SUQEEK
SUQEEKI
SUQEEKIG
SUQEEKIZ
SUQEEKZ
SUQEEKZI
SUQEEKZIG
SUG
SUGI
SUGIE
SUGIEQ
SUGIEZ
SUGIEZK
SUGIEZKE
SUGIEK
SUGIEKE
SUGIEKZ
SUGIEE
SUGIEEK
SUGIEEKZ
SUGIZ
SUGIZK
SUGIZKE
SUGIZKEE
SUGIZKEEQ
SUGIZKE
SUGIZKEQ
SUGIZKEE
SUGIZE
SUGIZEQ
SUGIZEK
SUGIZEKE
SUGIZEE
SUGIZEEK
SUGIK
SUGIKE
SUGIKEE
SUGIKEEQ
SUGIKEEZ
SUGIKE
SUGIKEQ
SUGIKEZ
SUGIKEE
SUGIKZ
SUGIKZE
SUGIKZEQ
SUGIKZEE
SUGE
SUGEQ
SUGEI
SUGEIZ
SUGEIZK
SUGEIZKE
SUGEIK
SUGEIKE
SUGEIKZ
SUGEZ
SUGEZK
SUGEZKE
SUGEZKI
SUGEZI
SUGEZIK
SUGEZIKE
SUGEK
SUGEKE
SUGEKI
SUGEKIZ
SUGEKZ
SUGEKZI
SUGEE
SUGEEK
SUGEEKI
SUGEEKIZ
SUGEEKZ
SUGEEKZI
SUI
SUIE
SUIEQ
SUIEG
SUIEZ
SUIEZK
SUIEZKE
SUIEK
SUIEKE
SUIEKZ
SUIEE
SUIEEK
SUIEEKZ
SUIG
SUIGE
SUIGEQ
SUIGEZ
SUIGEZK
SUIGEZKE
SUIGEK
SUIGEKE
SUIGEKZ
SUIGEE
SUIGEEK
SUIGEEKZ
SUIZ
SUIZK
SUIZKE
SUIZKEE
SUIZKEEQ
SUIZKEEG
SUIZKE
SUIZKEQ
SUIZKEG
SUIZKEE
SUIZE
SUIZEQ
SUIZEG
SUIZEK
SUIZEKE
SUIZEE
SUIZEEK
SUIK
SUIKE
SUIKEE
SUIKEEQ
SUIKEEG
SUIKEEZ
SUIKE
SUIKEQ
SUIKEG
SUIKEZ
SUIKEE
SUIKZ
SUIKZE
SUIKZEQ
SUIKZEG
SUIKZEE
SUE
SUEQ
SUEG
SUEGI
SUEGIZ
SUEGIZK
SUEGIZKE
SUEGIK
SUEGIKE
SUEGIKZ
SUEI
SUEIG
SUEIZ
SUEIZK
SUEIZKE
SUEIK
SUEIKE
SUEIKZ
SUEZ
SUEZK
SUEZKE
SUEZKI
SUEZKIG
SUEZI
SUEZIG
SUEZIK
SUEZIKE
SUEK
SUEKE
SUEKI
SUEKIG
SUEKIZ
SUEKZ
SUEKZI
SUEKZIG
SUEE
SUEEK
SUEEKI
SUEEKIG
SUEEKIZ
SUEEKZ
SUEEKZI
SUEEKZIG
SE
SEQ
SEQU
SEQUG
SEQUGI
SEQUGIZ
SEQUGIZK
SEQUGIZKE
SEQUGIK
SEQUGIKE
SEQUGIKZ
SEQUI
SEQUIG
SEQUIZ
SEQUIZK
SEQUIZKE
SEQUIK
SEQUIKE
SEQUIKZ
SEU
SEUQ
SEUG
SEUGI
SEUGIZ
SEUGIZK
SEUGIZKE
SEUGIK
SEUGIKE
SEUGIKZ
SEUI
SEUIG
SEUIZ
SEUIZK
SEUIZKE
SEUIK
SEUIKE
SEUIKZ
SEG
SEGU
SEGUQ
SEGUI
SEGUIZ
SEGUIZK
SEGUIZKE
SEGUIK
SEGUIKE
SEGUIKZ
SEGI
SEGIU
SEGIUQ
SEGIZ
SEGIZK
SEGIZKE
SEGIK
SEGIKE
SEGIKZ
SEI
SEIU
SEIUQ
SEIUG
SEIG
SEIGU
SEIGUQ
SEIZ
SEIZK
SEIZKE
SEIK
SEIKE
SEIKZ
SEZ
SEZK
SEZKE
SEZKI
SEZKIU
SEZKIUQ
SEZKIUG
SEZKIG
SEZKIGU
SEZKIGUQ
SEZI
SEZIU
SEZIUQ
SEZIUG
SEZIG
SEZIGU
SEZIGUQ
SEZIK
SEZIKE
SEK
SEKE
SEKI
SEKIU
SEKIUQ
SEKIUG
SEKIG
SEKIGU
SEKIGUQ
SEKIZ
SEKZ
SEKZI
SEKZIU
SEKZIUQ
SEKZIUG
SEKZIG
SEKZIGU
SEKZIGUQ
SEE
SEEK
SEEKI
SEEKIU
SEEKIUQ
SEEKIUG
SEEKIG
SEEKIGU
SEEKIGUQ
SEEKIZ
SEEKZ
SEEKZI
SEEKZIU
SEEKZIUQ
SEEKZIUG
SEEKZIG
SEEKZIGU
SEEKZIGUQ
SK
SKE
SKEE
SKEEQ
SKEEQU
SKEEQUG
SKEEQUGI
SKEEQUGIZ
SKEEQUI
SKEEQUIG
SKEEQUIZ
SKEEU
SKEEUQ
SKEEUG
SKEEUGI
SKEEUGIZ
SKEEUI
SKEEUIG
SKEEUIZ
SKEEG
SKEEGU
SKEEGUQ
SKEEGUI
SKEEGUIZ
SKEEGI
SKEEGIU
SKEEGIUQ
SKEEGIZ
SKEEI
SKEEIU
SKEEIUQ
SKEEIUG
SKEEIG
SKEEIGU
SKEEIGUQ
SKEEIZ
SKEEZ
SKEEZI
SKEEZIU
SKEEZIUQ
SKEEZIUG
SKEEZIG
SKEEZIGU
SKEEZIGUQ
SKE
SKEQ
SKEQU
SKEQUG
SKEQUGI
SKEQUGIZ
SKEQUI
SKEQUIG
SKEQUIZ
SKEU
SKEUQ
SKEUG
SKEUGI
SKEUGIZ
SKEUI
SKEUIG
SKEUIZ
SKEG
SKEGU
SKEGUQ
SKEGUI
SKEGUIZ
SKEGI
SKEGIU
SKEGIUQ
SKEGIZ
SKEI
SKEIU
SKEIUQ
SKEIUG
SKEIG
SKEIGU
SKEIGUQ
SKEIZ
SKEZ
SKEZI
SKEZIU
SKEZIUQ
SKEZIUG
SKEZIG
SKEZIGU
SKEZIGUQ
SKEE
SKI
SKIE
SKIEQ
SKIEQU
SKIEQUG
SKIEU
SKIEUQ
SKIEUG
SKIEG
SKIEGU
SKIEGUQ
SKIEZ
SKIEE
SKIU
SKIUQ
SKIUQE
SKIUQEG
SKIUQEZ
SKIUQEE
SKIUG
SKIUGE
SKIUGEQ
SKIUGEZ
SKIUGEE
SKIUE
SKIUEQ
SKIUEG
SKIUEZ
SKIUEE
SKIG
SKIGU
SKIGUQ
SKIGUQE
SKIGUQEZ
SKIGUQEE
SKIGUE
SKIGUEQ
SKIGUEZ
SKIGUEE
SKIGE
SKIGEQ
SKIGEQU
SKIGEU
SKIGEUQ
SKIGEZ
SKIGEE
SKIZ
SKIZE
SKIZEQ
SKIZEQU
SKIZEQUG
SKIZEU
SKIZEUQ
SKIZEUG
SKIZEG
SKIZEGU
SKIZEGUQ
SKIZEE
SKZ
SKZE
SKZEQ
SKZEQU
SKZEQUG
SKZEQUGI
SKZEQUI
SKZEQUIG
SKZEU
SKZEUQ
SKZEUG
SKZEUGI
SKZEUI
SKZEUIG
SKZEG
SKZEGU
SKZEGUQ
SKZEGUI
SKZEGI
SKZEGIU
SKZEGIUQ
SKZEI
SKZEIU
SKZEIUQ
SKZEIUG
SKZEIG
SKZEIGU
SKZEIGUQ
SKZEE
SKZI
SKZIE
SKZIEQ
SKZIEQU
SKZIEQUG
SKZIEU
SKZIEUQ
SKZIEUG
SKZIEG
SKZIEGU
SKZIEGUQ
SKZIEE
SKZIU
SKZIUQ
SKZIUQE
SKZIUQEG
SKZIUQEE
SKZIUG
SKZIUGE
SKZIUGEQ
SKZIUGEE
SKZIUE
SKZIUEQ
SKZIUEG
SKZIUEE
SKZIG
SKZIGU
SKZIGUQ
SKZIGUQE
SKZIGUQEE
SKZIGUE
SKZIGUEQ
SKZIGUEE
SKZIGE
SKZIGEQ
SKZIGEQU
SKZIGEU
SKZIGEUQ
SKZIGEE
SE
SEE
SEEQ
SEEQU
SEEQUG
SEEQUGI
SEEQUGIZ
SEEQUGIZK
SEEQUGIK
SEEQUGIKZ
SEEQUI
SEEQUIG
SEEQUIZ
SEEQUIZK
SEEQUIK
SEEQUIKZ
SEEU
SEEUQ
SEEUG
SEEUGI
SEEUGIZ
SEEUGIZK
SEEUGIK
SEEUGIKZ
SEEUI
SEEUIG
SEEUIZ
SEEUIZK
SEEUIK
SEEUIKZ
SEEG
SEEGU
SEEGUQ
SEEGUI
SEEGUIZ
SEEGUIZK
SEEGUIK
SEEGUIKZ
SEEGI
SEEGIU
SEEGIUQ
SEEGIZ
SEEGIZK
SEEGIK
SEEGIKZ
SEEI
SEEIU
SEEIUQ
SEEIUG
SEEIG
SEEIGU
SEEIGUQ
SEEIZ
SEEIZK
SEEIK
SEEIKZ
SEEZ
SEEZK
SEEZKI
SEEZKIU
SEEZKIUQ
SEEZKIUG
SEEZKIG
SEEZKIGU
SEEZKIGUQ
SEEZI
SEEZIU
SEEZIUQ
SEEZIUG
SEEZIG
SEEZIGU
SEEZIGUQ
SEEZIK
SEEK
SEEKI
SEEKIU
SEEKIUQ
SEEKIUG
SEEKIG
SEEKIGU
SEEKIGUQ
SEEKIZ
SEEKZ
SEEKZI
SEEKZIU
SEEKZIUQ
SEEKZIUG
SEEKZIG
SEEKZIGU
SEEKZIGUQ
SEK
SEKE
SEKEQ
SEKEQU
SEKEQUG
SEKEQUGI
SEKEQUGIZ
SEKEQUI
SEKEQUIG
SEKEQUIZ
SEKEU
SEKEUQ
SEKEUG
SEKEUGI
SEKEUGIZ
SEKEUI
SEKEUIG
SEKEUIZ
SEKEG
SEKEGU
SEKEGUQ
SEKEGUI
SEKEGUIZ
SEKEGI
SEKEGIU
SEKEGIUQ
SEKEGIZ
SEKEI
SEKEIU
SEKEIUQ
SEKEIUG
SEKEIG
SEKEIGU
SEKEIGUQ
SEKEIZ
SEKEZ
SEKEZI
SEKEZIU
SEKEZIUQ
SEKEZIUG
SEKEZIG
SEKEZIGU
SEKEZIGUQ
SEKI
SEKIE
SEKIEQ
SEKIEQU
SEKIEQUG
SEKIEU
SEKIEUQ
SEKIEUG
SEKIEG
SEKIEGU
SEKIEGUQ
SEKIEZ
SEKIU
SEKIUQ
SEKIUQE
SEKIUQEG
SEKIUQEZ
SEKIUG
SEKIUGE
SEKIUGEQ
SEKIUGEZ
SEKIUE
SEKIUEQ
SEKIUEG
SEKIUEZ
SEKIG
SEKIGU
SEKIGUQ
SEKIGUQE
SEKIGUQEZ
SEKIGUE
SEKIGUEQ
SEKIGUEZ
SEKIGE
SEKIGEQ
SEKIGEQU
SEKIGEU
SEKIGEUQ
SEKIGEZ
SEKIZ
SEKIZE
SEKIZEQ
SEKIZEQU
SEKIZEQUG
SEKIZEU
SEKIZEUQ
SEKIZEUG
SEKIZEG
SEKIZEGU
SEKIZEGUQ
SEKZ
SEKZE
SEKZEQ
SEKZEQU
SEKZEQUG
SEKZEQUGI
SEKZEQUI
SEKZEQUIG
SEKZEU
SEKZEUQ
SEKZEUG
SEKZEUGI
SEKZEUI
SEKZEUIG
SEKZEG
SEKZEGU
SEKZEGUQ
SEKZEGUI
SEKZEGI
SEKZEGIU
SEKZEGIUQ
SEKZEI
SEKZEIU
SEKZEIUQ
SEKZEIUG
SEKZEIG
SEKZEIGU
SEKZEIGUQ
SEKZI
SEKZIE
SEKZIEQ
SEKZIEQU
SEKZIEQUG
SEKZIEU
SEKZIEUQ
SEKZIEUG
SEKZIEG
SEKZIEGU
SEKZIEGUQ
SEKZIU
SEKZIUQ
SEKZIUQE
SEKZIUQEG
SEKZIUG
SEKZIUGE
SEKZIUGEQ
SEKZIUE
SEKZIUEQ
SEKZIUEG
SEKZIG
SEKZIGU
SEKZIGUQ
SEKZIGUQE
SEKZIGUE
SEKZIGUEQ
SEKZIGE
SEKZIGEQ
SEKZIGEQU
SEKZIGEU
SEKZIGEUQ
E
ES
ESQ
ESQU
ESQUG
ESQUGI
ESQUGIE
ESQUGIEZ
ESQUGIEZK
ESQUGIEK
ESQUGIEKZ
ESQUGIZ
ESQUGIZK
ESQUGIZKE
ESQUGIZE
ESQUGIZEK
ESQUGIK
ESQUGIKE
ESQUGIKEZ
ESQUGIKZ
ESQUGIKZE
ESQUGE
ESQUGEI
ESQUGEIZ
ESQUGEIZK
ESQUGEIK
ESQUGEIKZ
ESQUGEZ
ESQUGEZK
ESQUGEZKI
ESQUGEZI
ESQUGEZIK
ESQUGEK
ESQUGEKI
ESQUGEKIZ
ESQUGEKZ
ESQUGEKZI
ESQUI
ESQUIE
ESQUIEG
ESQUIEZ
ESQUIEZK
ESQUIEK
ESQUIEKZ
ESQUIG
ESQUIGE
ESQUIGEZ
ESQUIGEZK
ESQUIGEK
ESQUIGEKZ
ESQUIZ
ESQUIZK
ESQUIZKE
ESQUIZKEG
ESQUIZE
ESQUIZEG
ESQUIZEK
ESQUIK
ESQUIKE
ESQUIKEG
ESQUIKEZ
ESQUIKZ
ESQUIKZE
ESQUIKZEG
ESQUE
ESQUEG
ESQUEGI
ESQUEGIZ
ESQUEGIZK
ESQUEGIK
ESQUEGIKZ
ESQUEI
ESQUEIG
ESQUEIZ
ESQUEIZK
ESQUEIK
ESQUEIKZ
ESQUEZ
ESQUEZK
ESQUEZKI
ESQUEZKIG
ESQUEZI
ESQUEZIG
ESQUEZIK
ESQUEK
ESQUEKI
ESQUEKIG
ESQUEKIZ
ESQUEKZ
ESQUEKZI
ESQUEKZIG
ESQE
ESQEU
ESQEUG
ESQEUGI
ESQEUGIZ
ESQEUGIZK
ESQEUGIK
ESQEUGIKZ
ESQEUI
ESQEUIG
ESQEUIZ
ESQEUIZK
ESQEUIK
ESQEUIKZ
ESQEG
ESQEGU
ESQEGUI
ESQEGUIZ
ESQEGUIZK
ESQEGUIK
ESQEGUIKZ
ESQEGI
ESQEGIU
ESQEGIZ
ESQEGIZK
ESQEGIK
ESQEGIKZ
ESQEI
ESQEIU
ESQEIUG
ESQEIG
ESQEIGU
ESQEIZ
ESQEIZK
ESQEIK
ESQEIKZ
ESQEZ
ESQEZK
ESQEZKI
ESQEZKIU
ESQEZKIUG
ESQEZKIG
ESQEZKIGU
ESQEZI
ESQEZIU
ESQEZIUG
ESQEZIG
ESQEZIGU
ESQEZIK
ESQEK
ESQEKI
ESQEKIU
ESQEKIUG
ESQEKIG
ESQEKIGU
ESQEKIZ
ESQEKZ
ESQEKZI
ESQEKZIU
ESQEKZIUG
ESQEKZIG
ESQEKZIGU
ESU
ESUQ
ESUQE
ESUQEG
ESUQEGI
ESUQEGIZ
ESUQEGIZK
ESUQEGIK
ESUQEGIKZ
ESUQEI
ESUQEIG
ESUQEIZ
ESUQEIZK
ESUQEIK
ESUQEIKZ
ESUQEZ
ESUQEZK
ESUQEZKI
ESUQEZKIG
ESUQEZI
ESUQEZIG
ESUQEZIK
ESUQEK
ESUQEKI
ESUQEKIG
ESUQEKIZ
ESUQEKZ
ESUQEKZI
ESUQEKZIG
ESUG
ESUGI
ESUGIE
ESUGIEQ
ESUGIEZ
ESUGIEZK
ESUGIEK
ESUGIEKZ
ESUGIZ
ESUGIZK
ESUGIZKE
ESUGIZKEQ
ESUGIZE
ESUGIZEQ
ESUGIZEK
ESUGIK
ESUGIKE
ESUGIKEQ
ESUGIKEZ
ESUGIKZ
ESUGIKZE
ESUGIKZEQ
ESUGE
ESUGEQ
ESUGEI
ESUGEIZ
ESUGEIZK
ESUGEIK
ESUGEIKZ
ESUGEZ
ESUGEZK
ESUGEZKI
ESUGEZI
ESUGEZIK
ESUGEK
ESUGEKI
ESUGEKIZ
ESUGEKZ
ESUGEKZI
ESUI
ESUIE
ESUIEQ
ESUIEG
ESUIEZ
ESUIEZK
ESUIEK
ESUIEKZ
ESUIG
ESUIGE
ESUIGEQ
ESUIGEZ
ESUIGEZK
ESUIGEK
ESUIGEKZ
ESUIZ
ESUIZK
ESUIZKE
ESUIZKEQ
ESUIZKEG
ESUIZE
ESUIZEQ
ESUIZEG
ESUIZEK
ESUIK
ESUIKE
ESUIKEQ
ESUIKEG
ESUIKEZ
ESUIKZ
ESUIKZE
ESUIKZEQ
ESUIKZEG
ESUE
ESUEQ
ESUEG
ESUEGI
ESUEGIZ
ESUEGIZK
ESUEGIK
ESUEGIKZ
ESUEI
ESUEIG
ESUEIZ
ESUEIZK
ESUEIK
ESUEIKZ
ESUEZ
ESUEZK
ESUEZKI
ESUEZKIG
ESUEZI
ESUEZIG
ESUEZIK
ESUEK
ESUEKI
ESUEKIG
ESUEKIZ
ESUEKZ
ESUEKZI
ESUEKZIG
ESE
ESEQ
ESEQU
ESEQUG
ESEQUGI
ESEQUGIZ
ESEQUGIZK
ESEQUGIK
ESEQUGIKZ
ESEQUI
ESEQUIG
ESEQUIZ
ESEQUIZK
ESEQUIK
ESEQUIKZ
ESEU
ESEUQ
ESEUG
ESEUGI
ESEUGIZ
ESEUGIZK
ESEUGIK
ESEUGIKZ
ESEUI
ESEUIG
ESEUIZ
ESEUIZK
ESEUIK
ESEUIKZ
ESEG
ESEGU
ESEGUQ
ESEGUI
ESEGUIZ
ESEGUIZK
ESEGUIK
ESEGUIKZ
ESEGI
ESEGIU
ESEGIUQ
ESEGIZ
ESEGIZK
ESEGIK
ESEGIKZ
ESEI
ESEIU
ESEIUQ
ESEIUG
ESEIG
ESEIGU
ESEIGUQ
ESEIZ
ESEIZK
ESEIK
ESEIKZ
ESEZ
ESEZK
ESEZKI
ESEZKIU
ESEZKIUQ
ESEZKIUG
ESEZKIG
ESEZKIGU
ESEZKIGUQ
ESEZI
ESEZIU
ESEZIUQ
ESEZIUG
ESEZIG
ESEZIGU
ESEZIGUQ
ESEZIK
ESEK
ESEKI
ESEKIU
ESEKIUQ
ESEKIUG
ESEKIG
ESEKIGU
ESEKIGUQ
ESEKIZ
ESEKZ
ESEKZI
ESEKZIU
ESEKZIUQ
ESEKZIUG
ESEKZIG
ESEKZIGU
ESEKZIGUQ
ESK
ESKE
ESKEQ
ESKEQU
ESKEQUG
ESKEQUGI
ESKEQUGIZ
ESKEQUI
ESKEQUIG
ESKEQUIZ
ESKEU
ESKEUQ
ESKEUG
ESKEUGI
ESKEUGIZ
ESKEUI
ESKEUIG
ESKEUIZ
ESKEG
ESKEGU
ESKEGUQ
ESKEGUI
ESKEGUIZ
ESKEGI
ESKEGIU
ESKEGIUQ
ESKEGIZ
ESKEI
ESKEIU
ESKEIUQ
ESKEIUG
ESKEIG
ESKEIGU
ESKEIGUQ
ESKEIZ
ESKEZ
ESKEZI
ESKEZIU
ESKEZIUQ
ESKEZIUG
ESKEZIG
ESKEZIGU
ESKEZIGUQ
ESKI
ESKIE
ESKIEQ
ESKIEQU
ESKIEQUG
ESKIEU
ESKIEUQ
ESKIEUG
ESKIEG
ESKIEGU
ESKIEGUQ
ESKIEZ
ESKIU
ESKIUQ
ESKIUQE
ESKIUQEG
ESKIUQEZ
ESKIUG
ESKIUGE
ESKIUGEQ
ESKIUGEZ
ESKIUE
ESKIUEQ
ESKIUEG
ESKIUEZ
ESKIG
ESKIGU
ESKIGUQ
ESKIGUQE
ESKIGUQEZ
ESKIGUE
ESKIGUEQ
ESKIGUEZ
ESKIGE
ESKIGEQ
ESKIGEQU
ESKIGEU
ESKIGEUQ
ESKIGEZ
ESKIZ
ESKIZE
ESKIZEQ
ESKIZEQU
ESKIZEQUG
ESKIZEU
ESKIZEUQ
ESKIZEUG
ESKIZEG
ESKIZEGU
ESKIZEGUQ
ESKZ
ESKZE
ESKZEQ
ESKZEQU
ESKZEQUG
ESKZEQUGI
ESKZEQUI
ESKZEQUIG
ESKZEU
ESKZEUQ
ESKZEUG
ESKZEUGI
ESKZEUI
ESKZEUIG
ESKZEG
ESKZEGU
ESKZEGUQ
ESKZEGUI
ESKZEGI
ESKZEGIU
ESKZEGIUQ
ESKZEI
ESKZEIU
ESKZEIUQ
ESKZEIUG
ESKZEIG
ESKZEIGU
ESKZEIGUQ
ESKZI
ESKZIE
ESKZIEQ
ESKZIEQU
ESKZIEQUG
ESKZIEU
ESKZIEUQ
ESKZIEUG
ESKZIEG
ESKZIEGU
ESKZIEGUQ
ESKZIU
ESKZIUQ
ESKZIUQE
ESKZIUQEG
ESKZIUG
ESKZIUGE
ESKZIUGEQ
ESKZIUE
ESKZIUEQ
ESKZIUEG
ESKZIG
ESKZIGU
ESKZIGUQ
ESKZIGUQE
ESKZIGUE
ESKZIGUEQ
ESKZIGE
ESKZIGEQ
ESKZIGEQU
ESKZIGEU
ESKZIGEUQ
EE
EES
EESQ
EESQU
EESQUG
EESQUGI
EESQUGIZ
EESQUGIZK
EESQUGIK
EESQUGIKZ
EESQUI
EESQUIG
EESQUIZ
EESQUIZK
EESQUIK
EESQUIKZ
EESU
EESUQ
EESUG
EESUGI
EESUGIZ
EESUGIZK
EESUGIK
EESUGIKZ
EESUI
EESUIG
EESUIZ
EESUIZK
EESUIK
EESUIKZ
EESK
EESKI
EESKIU
EESKIUQ
EESKIUG
EESKIG
EESKIGU
EESKIGUQ
EESKIZ
EESKZ
EESKZI
EESKZIU
EESKZIUQ
EESKZIUG
EESKZIG
EESKZIGU
EESKZIGUQ
EEQ
EEQU
EEQUG
EEQUGI
EEQUGIZ
EEQUGIZK
EEQUGIZKS
EEQUGIK
EEQUGIKS
EEQUGIKZ
EEQUI
EEQUIG
EEQUIZ
EEQUIZK
EEQUIZKS
EEQUIK
EEQUIKS
EEQUIKZ
EEQUS
EEQUSK
EEQUSKI
EEQUSKIG
EEQUSKIZ
EEQUSKZ
EEQUSKZI
EEQUSKZIG
EEQS
EEQSU
EEQSUG
EEQSUGI
EEQSUGIZ
EEQSUGIZK
EEQSUGIK
EEQSUGIKZ
EEQSUI
EEQSUIG
EEQSUIZ
EEQSUIZK
EEQSUIK
EEQSUIKZ
EEQSK
EEQSKI
EEQSKIU
EEQSKIUG
EEQSKIG
EEQSKIGU
EEQSKIZ
EEQSKZ
EEQSKZI
EEQSKZIU
EEQSKZIUG
EEQSKZIG
EEQSKZIGU
EEU
EEUQ
EEUQS
EEUQSK
EEUQSKI
EEUQSKIG
EEUQSKIZ
EEUQSKZ
EEUQSKZI
EEUQSKZIG
EEUG
EEUGI
EEUGIZ
EEUGIZK
EEUGIZKS
EEUGIZKSQ
EEUGIK
EEUGIKS
EEUGIKSQ
EEUGIKZ
EEUI
EEUIG
EEUIZ
EEUIZK
EEUIZKS
EEUIZKSQ
EEUIK
EEUIKS
EEUIKSQ
EEUIKZ
EEUS
EEUSQ
EEUSK
EEUSKI
EEUSKIG
EEUSKIZ
EEUSKZ
EEUSKZI
EEUSKZIG
EEG
EEGU
EEGUQ
EEGUQS
EEGUQSK
EEGUQSKI
EEGUQSKIZ
EEGUQSKZ
EEGUQSKZI
EEGUI
EEGUIZ
EEGUIZK
EEGUIZKS
EEGUIZKSQ
EEGUIK
EEGUIKS
EEGUIKSQ
EEGUIKZ
EEGUS
EEGUSQ
EEGUSK
EEGUSKI
EEGUSKIZ
EEGUSKZ
EEGUSKZI
EEGI
EEGIU
EEGIUQ
EEGIUQS
EEGIUQSK
EEGIUQSKZ
EEGIUS
EEGIUSQ
EEGIUSK
EEGIUSKZ
EEGIZ
EEGIZK
EEGIZKS
EEGIZKSQ
EEGIZKSQU
EEGIZKSU
EEGIZKSUQ
EEGIK
EEGIKS
EEGIKSQ
EEGIKSQU
EEGIKSU
EEGIKSUQ
EEGIKZ
EEI
EEIU
EEIUQ
EEIUQS
EEIUQSK
EEIUQSKZ
EEIUG
EEIUS
EEIUSQ
EEIUSK
EEIUSKZ
EEIG
EEIGU
EEIGUQ
EEIGUQS
EEIGUQSK
EEIGUQSKZ
EEIGUS
EEIGUSQ
EEIGUSK
EEIGUSKZ
EEIZ
EEIZK
EEIZKS
EEIZKSQ
EEIZKSQU
EEIZKSQUG
EEIZKSU
EEIZKSUQ
EEIZKSUG
EEIK
EEIKS
EEIKSQ
EEIKSQU
EEIKSQUG
EEIKSU
EEIKSUQ
EEIKSUG
EEIKZ
EEZ
EEZK
EEZKS
EEZKSQ
EEZKSQU
EEZKSQUG
EEZKSQUGI
EEZKSQUI
EEZKSQUIG
EEZKSU
EEZKSUQ
EEZKSUG
EEZKSUGI
EEZKSUI
EEZKSUIG
EEZKI
EEZKIU
EEZKIUQ
EEZKIUQS
EEZKIUG
EEZKIUS
EEZKIUSQ
EEZKIG
EEZKIGU
EEZKIGUQ
EEZKIGUQS
EEZKIGUS
EEZKIGUSQ
EEZI
EEZIU
EEZIUQ
EEZIUQS
EEZIUQSK
EEZIUG
EEZIUS
EEZIUSQ
EEZIUSK
EEZIG
EEZIGU
EEZIGUQ
EEZIGUQS
EEZIGUQSK
EEZIGUS
EEZIGUSQ
EEZIGUSK
EEZIK
EEZIKS
EEZIKSQ
EEZIKSQU
EEZIKSQUG
EEZIKSU
EEZIKSUQ
EEZIKSUG
EEK
EEKS
EEKSQ
EEKSQU
EEKSQUG
EEKSQUGI
EEKSQUGIZ
EEKSQUI
EEKSQUIG
EEKSQUIZ
EEKSU
EEKSUQ
EEKSUG
EEKSUGI
EEKSUGIZ
EEKSUI
EEKSUIG
EEKSUIZ
EEKI
EEKIU
EEKIUQ
EEKIUQS
EEKIUG
EEKIUS
EEKIUSQ
EEKIG
EEKIGU
EEKIGUQ
EEKIGUQS
EEKIGUS
EEKIGUSQ
EEKIZ
EEKZ
EEKZI
EEKZIU
EEKZIUQ
EEKZIUQS
EEKZIUG
EEKZIUS
EEKZIUSQ
EEKZIG
EEKZIGU
EEKZIGUQ
EEKZIGUQS
EEKZIGUS
EEKZIGUSQ
EK
EKS
EKSQ
EKSQU
EKSQUG
EKSQUGI
EKSQUGIE
EKSQUGIEZ
EKSQUGIZ
EKSQUGIZE
EKSQUGE
EKSQUGEI
EKSQUGEIZ
EKSQUGEZ
EKSQUGEZI
EKSQUI
EKSQUIE
EKSQUIEG
EKSQUIEZ
EKSQUIG
EKSQUIGE
EKSQUIGEZ
EKSQUIZ
EKSQUIZE
EKSQUIZEG
EKSQUE
EKSQUEG
EKSQUEGI
EKSQUEGIZ
EKSQUEI
EKSQUEIG
EKSQUEIZ
EKSQUEZ
EKSQUEZI
EKSQUEZIG
EKSQE
EKSQEU
EKSQEUG
EKSQEUGI
EKSQEUGIZ
EKSQEUI
EKSQEUIG
EKSQEUIZ
EKSQEG
EKSQEGU
EKSQEGUI
EKSQEGUIZ
EKSQEGI
EKSQEGIU
EKSQEGIZ
EKSQEI
EKSQEIU
EKSQEIUG
EKSQEIG
EKSQEIGU
EKSQEIZ
EKSQEZ
EKSQEZI
EKSQEZIU
EKSQEZIUG
EKSQEZIG
EKSQEZIGU
EKSU
EKSUQ
EKSUQE
EKSUQEG
EKSUQEGI
EKSUQEGIZ
EKSUQEI
EKSUQEIG
EKSUQEIZ
EKSUQEZ
EKSUQEZI
EKSUQEZIG
EKSUG
EKSUGI
EKSUGIE
EKSUGIEQ
EKSUGIEZ
EKSUGIZ
EKSUGIZE
EKSUGIZEQ
EKSUGE
EKSUGEQ
EKSUGEI
EKSUGEIZ
EKSUGEZ
EKSUGEZI
EKSUI
EKSUIE
EKSUIEQ
EKSUIEG
EKSUIEZ
EKSUIG
EKSUIGE
EKSUIGEQ
EKSUIGEZ
EKSUIZ
EKSUIZE
EKSUIZEQ
EKSUIZEG
EKSUE
EKSUEQ
EKSUEG
EKSUEGI
EKSUEGIZ
EKSUEI
EKSUEIG
EKSUEIZ
EKSUEZ
EKSUEZI
EKSUEZIG
EKSE
EKSEQ
EKSEQU
EKSEQUG
EKSEQUGI
EKSEQUGIZ
EKSEQUI
EKSEQUIG
EKSEQUIZ
EKSEU
EKSEUQ
EKSEUG
EKSEUGI
EKSEUGIZ
EKSEUI
EKSEUIG
EKSEUIZ
EKSEG
EKSEGU
EKSEGUQ
EKSEGUI
EKSEGUIZ
EKSEGI
EKSEGIU
EKSEGIUQ
EKSEGIZ
EKSEI
EKSEIU
EKSEIUQ
EKSEIUG
EKSEIG
EKSEIGU
EKSEIGUQ
EKSEIZ
EKSEZ
EKSEZI
EKSEZIU
EKSEZIUQ
EKSEZIUG
EKSEZIG
EKSEZIGU
EKSEZIGUQ
EKE
EKES
EKESQ
EKESQU
EKESQUG
EKESQUGI
EKESQUGIZ
EKESQUI
EKESQUIG
EKESQUIZ
EKESU
EKESUQ
EKESUG
EKESUGI
EKESUGIZ
EKESUI
EKESUIG
EKESUIZ
EKEQ
EKEQU
EKEQUG
EKEQUGI
EKEQUGIZ
EKEQUI
EKEQUIG
EKEQUIZ
EKEQUS
EKEQS
EKEQSU
EKEQSUG
EKEQSUGI
EKEQSUGIZ
EKEQSUI
EKEQSUIG
EKEQSUIZ
EKEU
EKEUQ
EKEUQS
EKEUG
EKEUGI
EKEUGIZ
EKEUI
EKEUIG
EKEUIZ
EKEUS
EKEUSQ
EKEG
EKEGU
EKEGUQ
EKEGUQS
EKEGUI
EKEGUIZ
EKEGUS
EKEGUSQ
EKEGI
EKEGIU
EKEGIUQ
EKEGIUQS
EKEGIUS
EKEGIUSQ
EKEGIZ
EKEI
EKEIU
EKEIUQ
EKEIUQS
EKEIUG
EKEIUS
EKEIUSQ
EKEIG
EKEIGU
EKEIGUQ
EKEIGUQS
EKEIGUS
EKEIGUSQ
EKEIZ
EKEZ
EKEZI
EKEZIU
EKEZIUQ
EKEZIUQS
EKEZIUG
EKEZIUS
EKEZIUSQ
EKEZIG
EKEZIGU
EKEZIGUQ
EKEZIGUQS
EKEZIGUS
EKEZIGUSQ
EKI
EKIE
EKIES
EKIESQ
EKIESQU
EKIESQUG
EKIESU
EKIESUQ
EKIESUG
EKIEQ
EKIEQU
EKIEQUG
EKIEQUS
EKIEQS
EKIEQSU
EKIEQSUG
EKIEU
EKIEUQ
EKIEUQS
EKIEUG
EKIEUS
EKIEUSQ
EKIEG
EKIEGU
EKIEGUQ
EKIEGUQS
EKIEGUS
EKIEGUSQ
EKIEZ
EKIU
EKIUQ
EKIUQE
EKIUQES
EKIUQEG
EKIUQEZ
EKIUQS
EKIUQSE
EKIUQSEG
EKIUQSEZ
EKIUG
EKIUGE
EKIUGES
EKIUGESQ
EKIUGEQ
EKIUGEQS
EKIUGEZ
EKIUE
EKIUES
EKIUESQ
EKIUEQ
EKIUEQS
EKIUEG
EKIUEZ
EKIUS
EKIUSQ
EKIUSQE
EKIUSQEG
EKIUSQEZ
EKIUSE
EKIUSEQ
EKIUSEG
EKIUSEZ
EKIG
EKIGU
EKIGUQ
EKIGUQE
EKIGUQES
EKIGUQEZ
EKIGUQS
EKIGUQSE
EKIGUQSEZ
EKIGUE
EKIGUES
EKIGUESQ
EKIGUEQ
EKIGUEQS
EKIGUEZ
EKIGUS
EKIGUSQ
EKIGUSQE
EKIGUSQEZ
EKIGUSE
EKIGUSEQ
EKIGUSEZ
EKIGE
EKIGES
EKIGESQ
EKIGESQU
EKIGESU
EKIGESUQ
EKIGEQ
EKIGEQU
EKIGEQUS
EKIGEQS
EKIGEQSU
EKIGEU
EKIGEUQ
EKIGEUQS
EKIGEUS
EKIGEUSQ
EKIGEZ
EKIZ
EKIZE
EKIZES
EKIZESQ
EKIZESQU
EKIZESQUG
EKIZESU
EKIZESUQ
EKIZESUG
EKIZEQ
EKIZEQU
EKIZEQUG
EKIZEQUS
EKIZEQS
EKIZEQSU
EKIZEQSUG
EKIZEU
EKIZEUQ
EKIZEUQS
EKIZEUG
EKIZEUS
EKIZEUSQ
EKIZEG
EKIZEGU
EKIZEGUQ
EKIZEGUQS
EKIZEGUS
EKIZEGUSQ
EKZ
EKZE
EKZES
EKZESQ
EKZESQU
EKZESQUG
EKZESQUGI
EKZESQUI
EKZESQUIG
EKZESU
EKZESUQ
EKZESUG
EKZESUGI
EKZESUI
EKZESUIG
EKZEQ
EKZEQU
EKZEQUG
EKZEQUGI
EKZEQUI
EKZEQUIG
EKZEQUS
EKZEQS
EKZEQSU
EKZEQSUG
EKZEQSUGI
EKZEQSUI
EKZEQSUIG
EKZEU
EKZEUQ
EKZEUQS
EKZEUG
EKZEUGI
EKZEUI
EKZEUIG
EKZEUS
EKZEUSQ
EKZEG
EKZEGU
EKZEGUQ
EKZEGUQS
EKZEGUI
EKZEGUS
EKZEGUSQ
EKZEGI
EKZEGIU
EKZEGIUQ
EKZEGIUQS
EKZEGIUS
EKZEGIUSQ
EKZEI
EKZEIU
EKZEIUQ
EKZEIUQS
EKZEIUG
EKZEIUS
EKZEIUSQ
EKZEIG
EKZEIGU
EKZEIGUQ
EKZEIGUQS
EKZEIGUS
EKZEIGUSQ
EKZI
EKZIE
EKZIES
EKZIESQ
EKZIESQU
EKZIESQUG
EKZIESU
EKZIESUQ
EKZIESUG
EKZIEQ
EKZIEQU
EKZIEQUG
EKZIEQUS
EKZIEQS
EKZIEQSU
EKZIEQSUG
EKZIEU
EKZIEUQ
EKZIEUQS
EKZIEUG
EKZIEUS
EKZIEUSQ
EKZIEG
EKZIEGU
EKZIEGUQ
EKZIEGUQS
EKZIEGUS
EKZIEGUSQ
EKZIU
EKZIUQ
EKZIUQE
EKZIUQES
EKZIUQEG
EKZIUQS
EKZIUQSE
EKZIUQSEG
EKZIUG
EKZIUGE
EKZIUGES
EKZIUGESQ
EKZIUGEQ
EKZIUGEQS
EKZIUE
EKZIUES
EKZIUESQ
EKZIUEQ
EKZIUEQS
EKZIUEG
EKZIUS
EKZIUSQ
EKZIUSQE
EKZIUSQEG
EKZIUSE
EKZIUSEQ
EKZIUSEG
EKZIG
EKZIGU
EKZIGUQ
EKZIGUQE
EKZIGUQES
EKZIGUQS
EKZIGUQSE
EKZIGUE
EKZIGUES
EKZIGUESQ
EKZIGUEQ
EKZIGUEQS
EKZIGUS
EKZIGUSQ
EKZIGUSQE
EKZIGUSE
EKZIGUSEQ
EKZIGE
EKZIGES
EKZIGESQ
EKZIGESQU
EKZIGESU
EKZIGESUQ
EKZIGEQ
EKZIGEQU
EKZIGEQUS
EKZIGEQS
EKZIGEQSU
EKZIGEU
EKZIGEUQ
EKZIGEUQS
EKZIGEUS
EKZIGEUSQ
QUIZGEEKS
